#
# A fatal error has been detected by the Java Runtime Environment:
#
#  EXCEPTION_ACCESS_VIOLATION (0xc0000005) at pc=0x00000234880c1f1d, pid=7368, tid=22956
#
# JRE version: OpenJDK Runtime Environment (11.0.10) (build 11.0.10+0-b96-7249189)
# Java VM: OpenJDK 64-Bit Server VM (11.0.10+0-b96-7249189, mixed mode, tiered, compressed oops, g1 gc, windows-amd64)
# Problematic frame:
# J 13668 c2 java.util.WeakHashMap.get(Ljava/lang/Object;)Ljava/lang/Object; java.base@11.0.10 (77 bytes) @ 0x00000234880c1f1d [0x00000234880c1e40+0x00000000000000dd]
#
# No core dump will be written. Minidumps are not enabled by default on client versions of Windows
#
# If you would like to submit a bug report, please visit:
#   https://bugreport.java.com/bugreport/crash.jsp
#

---------------  S U M M A R Y ------------

Command Line: --add-opens=java.base/java.util=ALL-UNNAMED --add-opens=java.base/java.lang=ALL-UNNAMED --add-opens=java.base/java.lang.invoke=ALL-UNNAMED --add-opens=java.base/java.util=ALL-UNNAMED --add-opens=java.prefs/java.util.prefs=ALL-UNNAMED --add-opens=java.prefs/java.util.prefs=ALL-UNNAMED --add-opens=java.base/java.nio.charset=ALL-UNNAMED --add-opens=java.base/java.net=ALL-UNNAMED --add-opens=java.base/java.util.concurrent.atomic=ALL-UNNAMED -Xmx2048m -Dfile.encoding=UTF-8 -Duser.country=US -Duser.language=en -Duser.variant org.gradle.launcher.daemon.bootstrap.GradleDaemon 7.0.2

Host: Intel(R) Core(TM) i5-10300H CPU @ 2.50GHz, 8 cores, 7G,  Windows 10 , 64 bit Build 19041 (10.0.19041.1348)
Time: Wed Dec  1 02:59:45 2021 SA Western Standard Time elapsed time: 4757.225779 seconds (0d 1h 19m 17s)

---------------  T H R E A D  ---------------

Current thread (0x00000234918d3800):  JavaThread "Daemon worker Thread 6" [_thread_in_Java, id=22956, stack(0x000000c196000000,0x000000c196100000)]

Stack: [0x000000c196000000,0x000000c196100000],  sp=0x000000c1960f90c0,  free space=996k
Native frames: (J=compiled Java code, j=interpreted, Vv=VM code, C=native code)
C  0x00000234880c1f1d


siginfo: EXCEPTION_ACCESS_VIOLATION (0xc0000005), reading address 0x000000006db2a4a2


Register to memory mapping:

RIP=0x00000234880c1f1d is at entry_point+221 in (nmethod*)0x00000234880c1c90
RAX=0x000000008833030f is an unallocated location in the heap
RBX=0x0000000000000010 is an unknown value
RCX=0x0000000000000010 is an unknown value
RDX=0x000000008210b788 is an oop: java.util.WeakHashMap 
{0x000000008210b788} - klass: 'java/util/WeakHashMap'
RSP=0x000000c1960f90c0 is pointing into the stack for thread: 0x00000234918d3800
RBP=0x000000006db2a486 is an unknown value
RSI=
[error occurred during error reporting (printing register info), id 0xc0000005, EXCEPTION_ACCESS_VIOLATION (0xc0000005) at pc=0x00007ffdfb609dc7]

Registers:
RAX=0x000000008833030f, RBX=0x0000000000000010, RCX=0x0000000000000010, RDX=0x000000008210b788
RSP=0x000000c1960f90c0, RBP=0x000000006db2a486, RSI=0x00000000a337cd20, RDI=0x0000000000000017
R8 =0x000000008210b788, R9 =0x0000000000000126, R10=0x00000234f10f1000, R11=0x000000006db2a486
R12=0x0000000000000000, R13=0x000000008a5db968, R14=0x000000008a5db968, R15=0x00000234918d3800
RIP=0x00000234880c1f1d, EFLAGS=0x0000000000010202

Top of Stack: (sp=0x000000c1960f90c0)
0x000000c1960f90c0:   00000000810ae0d8 000002348278b88c
0x000000c1960f90d0:   0000000000000001 0000023495d11238
0x000000c1960f90e0:   000000008a5db950 0000023481a84726
0x000000c1960f90f0:   0000000000000011 000000008a5db340
0x000000c1960f9100:   000000c1960f9520 000002348278f714
0x000000c1960f9110:   000000008a5db340 0000023487e1d348
0x000000c1960f9120:   0000000000000010 000002348827dcce
0x000000c1960f9130:   0000000084e49080 000000008a5357e0
0x000000c1960f9140:   0000000000000017 0000023487af62a6
0x000000c1960f9150:   0000000084e49080 000000008a5db8e0
0x000000c1960f9160:   0000001000000011 0000000000000000
0x000000c1960f9170:   000000008a5db950 000000008210b778
0x000000c1960f9180:   000000008a5db0c8 0000000000000011
0x000000c1960f9190:   000000008210b778 00000000fffffffc
0x000000c1960f91a0:   000000c1960f9520 0000023482790a24
0x000000c1960f91b0:   000000008000a970 000000008a798e88 

Instructions: (pc=0x00000234880c1f1d)
0x00000234880c1e1d:   64 0c 64 17 64 06 00 01 f8 51 ff 00 50 00 c0 0a
0x00000234880c1e2d:   64 05 64 0f 64 00 00 00 00 00 00 00 00 00 00 00
0x00000234880c1e3d:   00 00 00 44 8b 52 08 49 c1 e2 03 49 3b c2 0f 85
0x00000234880c1e4d:   2f 3d f6 f7 66 66 90 0f 1f 84 00 00 00 00 00 66
0x00000234880c1e5d:   66 66 90 89 84 24 00 90 ff ff 55 48 83 ec 40 48
0x00000234880c1e6d:   8b ea 4c 89 44 24 20 45 8b 50 08 49 c1 e2 03 4d
0x00000234880c1e7d:   8b 92 e8 01 00 00 49 bb 88 07 cc fc 34 02 00 00
0x00000234880c1e8d:   4d 3b d3 0f 85 fa 00 00 00 4d 8b 10 4d 8b da 49
0x00000234880c1e9d:   83 e3 07 49 83 fb 01 0f 85 e6 00 00 00 49 c1 ea
0x00000234880c1ead:   08 41 8b c2 81 e0 ff ff ff 7f 85 c0 0f 84 d1 00
0x00000234880c1ebd:   00 00 44 8b d8 41 c1 eb 0c 44 8b c0 41 c1 e8 14
0x00000234880c1ecd:   45 33 c3 44 33 c0 45 8b d8 41 c1 eb 04 45 8b d0
0x00000234880c1edd:   41 c1 ea 07 45 33 d0 45 33 d3 44 89 54 24 28 48
0x00000234880c1eed:   8b d5 e8 0c 31 ad ff 44 8b 5d 24 45 8b 53 0c 45
0x00000234880c1efd:   8b ca 41 ff c9 44 23 4c 24 28 45 85 d2 0f 86 bd
0x00000234880c1f0d:   00 00 00 47 8b 5c 8b 10 45 85 db 74 2f 49 8b eb
0x00000234880c1f1d:   44 8b 55 1c 44 3b 54 24 28 75 50 44 8b 55 0c 49
0x00000234880c1f2d:   8b da 41 80 7f 30 00 75 73 4c 8b 54 24 20 4c 3b
0x00000234880c1f3d:   d3 75 1b 44 8b 5d 20 49 8b c3 eb 02 33 c0 48 83
0x00000234880c1f4d:   c4 40 5d 4d 8b 97 08 01 00 00 41 85 02 c3 4c 8b
0x00000234880c1f5d:   c3 48 8b 54 24 20 66 90 48 b8 ff ff ff ff ff ff
0x00000234880c1f6d:   ff ff e8 6c f5 02 f8 85 c0 75 c8 44 8b 5d 24 4d
0x00000234880c1f7d:   8b 97 08 01 00 00 41 85 02 45 85 db 74 be 49 8b
0x00000234880c1f8d:   eb eb 8d 49 8b d0 66 90 48 b8 ff ff ff ff ff ff
0x00000234880c1f9d:   ff ff e8 ec f4 02 f8 e9 16 ff ff ff 45 85 d2 74
0x00000234880c1fad:   88 4d 8b 57 38 4d 85 d2 74 41 4d 8b 5f 48 4b 89
0x00000234880c1fbd:   5c 13 f8 49 83 c2 f8 4d 89 57 38 e9 69 ff ff ff
0x00000234880c1fcd:   ba e4 ff ff ff 48 8b 6c 24 20 48 89 44 24 f8 8b
0x00000234880c1fdd:   44 24 28 89 44 24 20 48 8b 44 24 f8 44 89 5c 24
0x00000234880c1fed:   24 44 89 4c 24 28 e8 08 58 f6 f7 48 8b cb 49 8b
0x00000234880c1ffd:   d7 49 ba f0 f7 5f fb fd 7f 00 00 41 ff d2 e9 26
0x00000234880c200d:   ff ff ff ba f6 ff ff ff 66 90 e8 e4 57 f6 f7 ba 


Stack slot to memory mapping:
stack at sp + 0 slots: 0x00000000810ae0d8 is an oop: org.gradle.internal.operations.BuildOperationCategory 
{0x00000000810ae0d8} - klass: 'org/gradle/internal/operations/BuildOperationCategory'
stack at sp + 1 slots: 0x000002348278b88c is at entry_point+172 in (nmethod*)0x000002348278b610
stack at sp + 2 slots: 0x0000000000000001 is an unknown value
stack at sp + 3 slots: 0x0000023495d11238 is pointing into metadata
stack at sp + 4 slots: 0x000000008a5db950 is an oop: java.lang.String 
{0x000000008a5db950} - klass: 'java/lang/String'
stack at sp + 5 slots: 0x0000023481a84726 is at entry_point+198 in (nmethod*)0x0000023481a84490
stack at sp + 6 slots: 0x0000000000000011 is an unknown value
stack at sp + 7 slots: 0x000000008a5db340 is an oop: org.gradle.internal.operations.DefaultBuildOperationRunner$3 
{0x000000008a5db340} - klass: 'org/gradle/internal/operations/DefaultBuildOperationRunner$3'



---------------  P R O C E S S  ---------------

Threads class SMR info:
_java_thread_list=0x000002348fc21700, length=58, elements={
0x00000234f100c000, 0x00000234fd4c1800, 0x00000234fd4cd000, 0x00000234fccb0000,
0x00000234fccb2800, 0x00000234fccb4800, 0x00000234fccb8000, 0x00000234fccbc800,
0x00000234fccbe000, 0x00000234fd67e000, 0x000002348feaa800, 0x00000234fd74b000,
0x000002348f600800, 0x000002348f5b0800, 0x000002348f5b1800, 0x000002348f5ae800,
0x000002348f5b0000, 0x000002348f5ad800, 0x0000023490995000, 0x0000023490996000,
0x0000023490998800, 0x0000023490994800, 0x0000023490996800, 0x000002349099f000,
0x00000234918d1000, 0x00000234918d7800, 0x00000234918d4800, 0x00000234918d5000,
0x00000234918d2000, 0x00000234918d2800, 0x0000023490422800, 0x00000234918df000,
0x0000023490426000, 0x00000234918da000, 0x000002349b428000, 0x000002349041f800,
0x00000234918d8800, 0x00000234918d6000, 0x00000234918d9000, 0x00000234918d3800,
0x00000234918db000, 0x00000234918db800, 0x00000234918dc800, 0x00000234918d6800,
0x00000234918df800, 0x00000234918de000, 0x00000234918dd000, 0x000002349b425000,
0x000002349b429000, 0x000002349b423800, 0x000002349b425800, 0x000002349b424000,
0x000002349b42a000, 0x000002349b42a800, 0x000002349b42b800, 0x000002349b42c800,
0x000002349b426800, 0x000002349b657000
}

Java Threads: ( => current thread )
  0x00000234f100c000 JavaThread "main" [_thread_blocked, id=9260, stack(0x000000c194a00000,0x000000c194b00000)]
  0x00000234fd4c1800 JavaThread "Reference Handler" daemon [_thread_blocked, id=7272, stack(0x000000c195100000,0x000000c195200000)]
  0x00000234fd4cd000 JavaThread "Finalizer" daemon [_thread_blocked, id=7740, stack(0x000000c195200000,0x000000c195300000)]
  0x00000234fccb0000 JavaThread "Signal Dispatcher" daemon [_thread_blocked, id=12920, stack(0x000000c195300000,0x000000c195400000)]
  0x00000234fccb2800 JavaThread "Attach Listener" daemon [_thread_blocked, id=22336, stack(0x000000c195400000,0x000000c195500000)]
  0x00000234fccb4800 JavaThread "Service Thread" daemon [_thread_blocked, id=4080, stack(0x000000c195500000,0x000000c195600000)]
  0x00000234fccb8000 JavaThread "C2 CompilerThread0" daemon [_thread_blocked, id=12496, stack(0x000000c195600000,0x000000c195700000)]
  0x00000234fccbc800 JavaThread "C1 CompilerThread0" daemon [_thread_blocked, id=14360, stack(0x000000c195700000,0x000000c195800000)]
  0x00000234fccbe000 JavaThread "Sweeper thread" daemon [_thread_blocked, id=19944, stack(0x000000c195800000,0x000000c195900000)]
  0x00000234fd67e000 JavaThread "Common-Cleaner" daemon [_thread_blocked, id=15956, stack(0x000000c195900000,0x000000c195a00000)]
  0x000002348feaa800 JavaThread "Daemon health stats" [_thread_blocked, id=19516, stack(0x000000c195e00000,0x000000c195f00000)]
  0x00000234fd74b000 JavaThread "Incoming local TCP Connector on port 63060" [_thread_in_native, id=21248, stack(0x000000c195b00000,0x000000c195c00000)]
  0x000002348f600800 JavaThread "Daemon periodic checks" [_thread_blocked, id=19916, stack(0x000000c195f00000,0x000000c196000000)]
  0x000002348f5b0800 JavaThread "Cache worker for file hash cache (C:\Users\alexv\.gradle\caches\7.0.2\fileHashes)" [_thread_blocked, id=10428, stack(0x000000c196c00000,0x000000c196d00000)]
  0x000002348f5b1800 JavaThread "File lock request listener" [_thread_in_native, id=10884, stack(0x000000c196d00000,0x000000c196e00000)]
  0x000002348f5ae800 JavaThread "Cache worker for journal cache (C:\Users\alexv\.gradle\caches\journal-1)" [_thread_blocked, id=12156, stack(0x000000c196f00000,0x000000c197000000)]
  0x000002348f5b0000 JavaThread "File watcher server" daemon [_thread_in_native, id=18148, stack(0x000000c197100000,0x000000c197200000)]
  0x000002348f5ad800 JavaThread "File watcher consumer" daemon [_thread_blocked, id=11428, stack(0x000000c197200000,0x000000c197300000)]
  0x0000023490995000 JavaThread "Cache worker for execution history cache (C:\Users\alexv\.gradle\caches\7.0.2\executionHistory)" [_thread_blocked, id=13176, stack(0x000000c197600000,0x000000c197700000)]
  0x0000023490996000 JavaThread "jar transforms" [_thread_blocked, id=14848, stack(0x000000c197700000,0x000000c197800000)]
  0x0000023490998800 JavaThread "jar transforms Thread 2" [_thread_blocked, id=17376, stack(0x000000c197800000,0x000000c197900000)]
  0x0000023490994800 JavaThread "Cache worker for file content cache (C:\Users\alexv\.gradle\caches\7.0.2\fileContent)" [_thread_blocked, id=1892, stack(0x000000c197900000,0x000000c197a00000)]
  0x0000023490996800 JavaThread "jar transforms Thread 3" [_thread_blocked, id=13212, stack(0x000000c197b00000,0x000000c197c00000)]
  0x000002349099f000 JavaThread "jar transforms Thread 4" [_thread_blocked, id=6736, stack(0x000000c198500000,0x000000c198600000)]
  0x00000234918d1000 JavaThread "jar transforms Thread 5" [_thread_blocked, id=21632, stack(0x000000c198600000,0x000000c198700000)]
  0x00000234918d7800 JavaThread "jar transforms Thread 6" [_thread_blocked, id=19000, stack(0x000000c198700000,0x000000c198800000)]
  0x00000234918d4800 JavaThread "jar transforms Thread 7" [_thread_blocked, id=13188, stack(0x000000c198800000,0x000000c198900000)]
  0x00000234918d5000 JavaThread "jar transforms Thread 8" [_thread_blocked, id=3808, stack(0x000000c198900000,0x000000c198a00000)]
  0x00000234918d2000 JavaThread "Memory manager" [_thread_blocked, id=13300, stack(0x000000c198a00000,0x000000c198b00000)]
  0x00000234918d2800 JavaThread "pool-3-thread-1" [_thread_blocked, id=316, stack(0x000000c198c00000,0x000000c198d00000)]
  0x0000023490422800 JavaThread "Cache worker for Java compile cache (C:\Users\alexv\.gradle\caches\7.0.2\javaCompile)" [_thread_blocked, id=16672, stack(0x000000c199c00000,0x000000c199d00000)]
  0x00000234918df000 JavaThread "pool-8-thread-1" [_thread_blocked, id=6768, stack(0x000000c198b00000,0x000000c198c00000)]
  0x0000023490426000 JavaThread "pool-13-thread-1" [_thread_blocked, id=19968, stack(0x000000c198400000,0x000000c198500000)]
  0x00000234918da000 JavaThread "pool-17-thread-1" [_thread_blocked, id=10364, stack(0x000000c198300000,0x000000c198400000)]
  0x000002349b428000 JavaThread "ForkJoinPool.commonPool-worker-11" daemon [_thread_blocked, id=22660, stack(0x000000c19a500000,0x000000c19a600000)]
  0x000002349041f800 JavaThread "pool-21-thread-1" [_thread_blocked, id=6756, stack(0x000000c198d00000,0x000000c198e00000)]
  0x00000234918d8800 JavaThread "Daemon Thread 6" [_thread_blocked, id=13468, stack(0x000000c194700000,0x000000c194800000)]
  0x00000234918d6000 JavaThread "Handler for socket connection from /127.0.0.1:63060 to /127.0.0.1:62092" [_thread_in_native, id=10292, stack(0x000000c194800000,0x000000c194900000)]
  0x00000234918d9000 JavaThread "Cancel handler" [_thread_blocked, id=13492, stack(0x000000c194900000,0x000000c194a00000)]
=>0x00000234918d3800 JavaThread "Daemon worker Thread 6" [_thread_in_Java, id=22956, stack(0x000000c196000000,0x000000c196100000)]
  0x00000234918db000 JavaThread "Asynchronous log dispatcher for DefaultDaemonConnection: socket connection from /127.0.0.1:63060 to /127.0.0.1:62092" [_thread_blocked, id=10348, stack(0x000000c196100000,0x000000c196200000)]
  0x00000234918db800 JavaThread "Stdin handler" [_thread_blocked, id=20476, stack(0x000000c196200000,0x000000c196300000)]
  0x00000234918dc800 JavaThread "Daemon client event forwarder" [_thread_blocked, id=8096, stack(0x000000c196300000,0x000000c196400000)]
  0x00000234918d6800 JavaThread "Cache worker for file hash cache (C:\Users\alexv\OneDrive - Personal\OneDrive\Desktop\GitHub\ProyectoFinalDesarolloApl\.gradle\7.0.2\fileHashes)" [_thread_blocked, id=7208, stack(0x000000c196400000,0x000000c196500000)]
  0x00000234918df800 JavaThread "Cache worker for checksums cache (C:\Users\alexv\OneDrive - Personal\OneDrive\Desktop\GitHub\ProyectoFinalDesarolloApl\.gradle\checksums)" [_thread_blocked, id=3008, stack(0x000000c196500000,0x000000c196600000)]
  0x00000234918de000 JavaThread "Cache worker for cache directory md-supplier (C:\Users\alexv\.gradle\caches\7.0.2\md-supplier)" [_thread_blocked, id=5204, stack(0x000000c196600000,0x000000c196700000)]
  0x00000234918dd000 JavaThread "Cache worker for cache directory md-rule (C:\Users\alexv\.gradle\caches\7.0.2\md-rule)" [_thread_blocked, id=9088, stack(0x000000c197000000,0x000000c197100000)]
  0x000002349b425000 JavaThread "Cache worker for dependencies-accessors (C:\Users\alexv\OneDrive - Personal\OneDrive\Desktop\GitHub\ProyectoFinalDesarolloApl\.gradle\7.0.2\dependencies-accessors)" [_thread_blocked, id=1704, stack(0x000000c197400000,0x000000c197500000)]
  0x000002349b429000 JavaThread "Cache worker for Build Output Cleanup Cache (C:\Users\alexv\OneDrive - Personal\OneDrive\Desktop\GitHub\ProyectoFinalDesarolloApl\.gradle\buildOutputCleanup)" [_thread_blocked, id=7232, stack(0x000000c197300000,0x000000c197400000)]
  0x000002349b423800 JavaThread "Build operations" [_thread_blocked, id=20248, stack(0x000000c197500000,0x000000c197600000)]
  0x000002349b425800 JavaThread "Build operations Thread 2" [_thread_blocked, id=13348, stack(0x000000c197a00000,0x000000c197b00000)]
  0x000002349b424000 JavaThread "Build operations Thread 3" [_thread_blocked, id=20408, stack(0x000000c197c00000,0x000000c197d00000)]
  0x000002349b42a000 JavaThread "Build operations Thread 4" [_thread_blocked, id=12252, stack(0x000000c197d00000,0x000000c197e00000)]
  0x000002349b42a800 JavaThread "Build operations Thread 5" [_thread_blocked, id=17484, stack(0x000000c197e00000,0x000000c197f00000)]
  0x000002349b42b800 JavaThread "Build operations Thread 6" [_thread_blocked, id=18000, stack(0x000000c197f00000,0x000000c198000000)]
  0x000002349b42c800 JavaThread "Build operations Thread 7" [_thread_blocked, id=16236, stack(0x000000c198000000,0x000000c198100000)]
  0x000002349b426800 JavaThread "Build operations Thread 8" [_thread_blocked, id=7472, stack(0x000000c198100000,0x000000c198200000)]
  0x000002349b657000 JavaThread "C2 CompilerThread1" daemon [_thread_blocked, id=12388, stack(0x000000c198200000,0x000000c198300000)]

Other Threads:
  0x00000234fcca6000 VMThread "VM Thread" [stack: 0x000000c195000000,0x000000c195100000] [id=21560]
  0x00000234fd6a3800 WatcherThread [stack: 0x000000c195a00000,0x000000c195b00000] [id=18828]
  0x00000234f1026800 GCTaskThread "GC Thread#0" [stack: 0x000000c194b00000,0x000000c194c00000] [id=15020]
  0x00000234fe1a9800 GCTaskThread "GC Thread#1" [stack: 0x000000c195c00000,0x000000c195d00000] [id=17872]
  0x00000234fe20c800 GCTaskThread "GC Thread#2" [stack: 0x000000c195d00000,0x000000c195e00000] [id=1752]
  0x000002348f6c3800 GCTaskThread "GC Thread#3" [stack: 0x000000c196700000,0x000000c196800000] [id=2024]
  0x000002348f759000 GCTaskThread "GC Thread#4" [stack: 0x000000c196800000,0x000000c196900000] [id=11484]
  0x00000234fe9ab000 GCTaskThread "GC Thread#5" [stack: 0x000000c196900000,0x000000c196a00000] [id=6220]
  0x000002348f5bd800 GCTaskThread "GC Thread#6" [stack: 0x000000c196a00000,0x000000c196b00000] [id=10476]
  0x000002348f5bc000 GCTaskThread "GC Thread#7" [stack: 0x000000c196b00000,0x000000c196c00000] [id=532]
  0x00000234f1057800 ConcurrentGCThread "G1 Main Marker" [stack: 0x000000c194c00000,0x000000c194d00000] [id=22088]
  0x00000234f1059000 ConcurrentGCThread "G1 Conc#0" [stack: 0x000000c194d00000,0x000000c194e00000] [id=4896]
  0x000002348f5bb000 ConcurrentGCThread "G1 Conc#1" [stack: 0x000000c196e00000,0x000000c196f00000] [id=4528]
  0x00000234fcaf1800 ConcurrentGCThread "G1 Refine#0" [stack: 0x000000c194e00000,0x000000c194f00000] [id=23144]
  0x00000234fcaf2800 ConcurrentGCThread "G1 Young RemSet Sampling" [stack: 0x000000c194f00000,0x000000c195000000] [id=16828]

Threads with active compile tasks:

VM state:not at safepoint (normal execution)

VM Mutex/Monitor currently owned by a thread: None

Heap address: 0x0000000080000000, size: 2048 MB, Compressed Oops mode: 32-bit
Narrow klass base: 0x0000000000000000, Narrow klass shift: 3
Compressed class space size: 1073741824 Address: 0x0000000100000000

Heap:
 garbage-first heap   total 228352K, used 160478K [0x0000000080000000, 0x0000000100000000)
  region size 1024K, 58 young (59392K), 1 survivors (1024K)
 Metaspace       used 127064K, capacity 130289K, committed 132300K, reserved 1163264K
  class space    used 15523K, capacity 16709K, committed 17612K, reserved 1048576K
Heap Regions: E=young(eden), S=young(survivor), O=old, HS=humongous(starts), HC=humongous(continues), CS=collection set, F=free, A=archive, TAMS=top-at-mark-start (previous, next)
|   0|0x0000000080000000, 0x0000000080100000, 0x0000000080100000|100%| O|  |TAMS 0x0000000080100000, 0x0000000080000000| Complete 
|   1|0x0000000080100000, 0x0000000080200000, 0x0000000080200000|100%| O|  |TAMS 0x0000000080200000, 0x0000000080100000| Untracked 
|   2|0x0000000080200000, 0x0000000080300000, 0x0000000080300000|100%| O|  |TAMS 0x0000000080300000, 0x0000000080200000| Untracked 
|   3|0x0000000080300000, 0x0000000080400000, 0x0000000080400000|100%|HS|  |TAMS 0x0000000080400000, 0x0000000080300000| Complete 
|   4|0x0000000080400000, 0x0000000080500000, 0x0000000080500000|100%|HC|  |TAMS 0x0000000080500000, 0x0000000080400000| Complete 
|   5|0x0000000080500000, 0x0000000080600000, 0x0000000080600000|100%|HC|  |TAMS 0x0000000080600000, 0x0000000080500000| Complete 
|   6|0x0000000080600000, 0x0000000080700000, 0x0000000080700000|100%| O|  |TAMS 0x0000000080700000, 0x0000000080600000| Untracked 
|   7|0x0000000080700000, 0x0000000080800000, 0x0000000080800000|100%| O|  |TAMS 0x0000000080800000, 0x0000000080700000| Untracked 
|   8|0x0000000080800000, 0x0000000080900000, 0x0000000080900000|100%| O|  |TAMS 0x0000000080900000, 0x0000000080800000| Complete 
|   9|0x0000000080900000, 0x0000000080a00000, 0x0000000080a00000|100%| O|  |TAMS 0x0000000080a00000, 0x0000000080900000| Untracked 
|  10|0x0000000080a00000, 0x0000000080b00000, 0x0000000080b00000|100%| O|  |TAMS 0x0000000080b00000, 0x0000000080a00000| Untracked 
|  11|0x0000000080b00000, 0x0000000080c00000, 0x0000000080c00000|100%| O|  |TAMS 0x0000000080c00000, 0x0000000080b00000| Untracked 
|  12|0x0000000080c00000, 0x0000000080d00000, 0x0000000080d00000|100%| O|  |TAMS 0x0000000080d00000, 0x0000000080c00000| Untracked 
|  13|0x0000000080d00000, 0x0000000080e00000, 0x0000000080e00000|100%| O|  |TAMS 0x0000000080e00000, 0x0000000080d00000| Untracked 
|  14|0x0000000080e00000, 0x0000000080f00000, 0x0000000080f00000|100%| O|  |TAMS 0x0000000080f00000, 0x0000000080e00000| Untracked 
|  15|0x0000000080f00000, 0x0000000081000000, 0x0000000081000000|100%| O|  |TAMS 0x0000000081000000, 0x0000000080f00000| Complete 
|  16|0x0000000081000000, 0x0000000081100000, 0x0000000081100000|100%| O|  |TAMS 0x0000000081100000, 0x0000000081000000| Complete 
|  17|0x0000000081100000, 0x0000000081200000, 0x0000000081200000|100%| O|  |TAMS 0x0000000081200000, 0x0000000081100000| Complete 
|  18|0x0000000081200000, 0x0000000081300000, 0x0000000081300000|100%|HS|  |TAMS 0x0000000081300000, 0x0000000081200000| Complete 
|  19|0x0000000081300000, 0x0000000081400000, 0x0000000081400000|100%| O|  |TAMS 0x0000000081400000, 0x0000000081300000| Complete 
|  20|0x0000000081400000, 0x0000000081500000, 0x0000000081500000|100%| O|  |TAMS 0x0000000081500000, 0x0000000081400000| Complete 
|  21|0x0000000081500000, 0x0000000081600000, 0x0000000081600000|100%| O|  |TAMS 0x0000000081600000, 0x0000000081500000| Complete 
|  22|0x0000000081600000, 0x0000000081700000, 0x0000000081700000|100%| O|  |TAMS 0x0000000081700000, 0x0000000081600000| Complete 
|  23|0x0000000081700000, 0x0000000081800000, 0x0000000081800000|100%|HS|  |TAMS 0x0000000081800000, 0x0000000081700000| Complete 
|  24|0x0000000081800000, 0x0000000081900000, 0x0000000081900000|100%|HS|  |TAMS 0x0000000081900000, 0x0000000081800000| Complete 
|  25|0x0000000081900000, 0x0000000081a00000, 0x0000000081a00000|100%|HC|  |TAMS 0x0000000081a00000, 0x0000000081900000| Complete 
|  26|0x0000000081a00000, 0x0000000081b00000, 0x0000000081b00000|100%| O|  |TAMS 0x0000000081b00000, 0x0000000081a00000| Complete 
|  27|0x0000000081b00000, 0x0000000081c00000, 0x0000000081c00000|100%| O|  |TAMS 0x0000000081c00000, 0x0000000081b00000| Untracked 
|  28|0x0000000081c00000, 0x0000000081d00000, 0x0000000081d00000|100%| O|  |TAMS 0x0000000081d00000, 0x0000000081c00000| Complete 
|  29|0x0000000081d00000, 0x0000000081e00000, 0x0000000081e00000|100%| O|  |TAMS 0x0000000081e00000, 0x0000000081d00000| Complete 
|  30|0x0000000081e00000, 0x0000000081f00000, 0x0000000081f00000|100%| O|  |TAMS 0x0000000081f00000, 0x0000000081e00000| Complete 
|  31|0x0000000081f00000, 0x0000000082000000, 0x0000000082000000|100%| O|  |TAMS 0x0000000082000000, 0x0000000081f00000| Complete 
|  32|0x0000000082000000, 0x0000000082100000, 0x0000000082100000|100%| O|  |TAMS 0x0000000082100000, 0x0000000082000000| Complete 
|  33|0x0000000082100000, 0x0000000082200000, 0x0000000082200000|100%| O|  |TAMS 0x0000000082200000, 0x0000000082100000| Complete 
|  34|0x0000000082200000, 0x0000000082300000, 0x0000000082300000|100%| O|  |TAMS 0x0000000082300000, 0x0000000082200000| Untracked 
|  35|0x0000000082300000, 0x0000000082300000, 0x0000000082400000|  0%| F|  |TAMS 0x0000000082300000, 0x0000000082300000| Untracked 
|  36|0x0000000082400000, 0x0000000082500000, 0x0000000082500000|100%| O|  |TAMS 0x0000000082500000, 0x0000000082400000| Untracked 
|  37|0x0000000082500000, 0x0000000082600000, 0x0000000082600000|100%| O|  |TAMS 0x0000000082600000, 0x0000000082500000| Untracked 
|  38|0x0000000082600000, 0x0000000082700000, 0x0000000082700000|100%|HS|  |TAMS 0x0000000082600000, 0x0000000082600000| Complete 
|  39|0x0000000082700000, 0x0000000082800000, 0x0000000082800000|100%|HC|  |TAMS 0x0000000082700000, 0x0000000082700000| Complete 
|  40|0x0000000082800000, 0x0000000082900000, 0x0000000082900000|100%| O|  |TAMS 0x0000000082900000, 0x0000000082800000| Complete 
|  41|0x0000000082900000, 0x0000000082a00000, 0x0000000082a00000|100%| O|  |TAMS 0x0000000082a00000, 0x0000000082900000| Complete 
|  42|0x0000000082a00000, 0x0000000082b00000, 0x0000000082b00000|100%| O|  |TAMS 0x0000000082b00000, 0x0000000082a00000| Complete 
|  43|0x0000000082b00000, 0x0000000082b00000, 0x0000000082c00000|  0%| F|  |TAMS 0x0000000082b00000, 0x0000000082b00000| Untracked 
|  44|0x0000000082c00000, 0x0000000082d00000, 0x0000000082d00000|100%| O|  |TAMS 0x0000000082d00000, 0x0000000082c00000| Complete 
|  45|0x0000000082d00000, 0x0000000082e00000, 0x0000000082e00000|100%| O|  |TAMS 0x0000000082e00000, 0x0000000082d00000| Complete 
|  46|0x0000000082e00000, 0x0000000082f00000, 0x0000000082f00000|100%|HS|  |TAMS 0x0000000082e00000, 0x0000000082e00000| Complete 
|  47|0x0000000082f00000, 0x0000000083000000, 0x0000000083000000|100%|HC|  |TAMS 0x0000000082f00000, 0x0000000082f00000| Complete 
|  48|0x0000000083000000, 0x0000000083100000, 0x0000000083100000|100%|HS|  |TAMS 0x0000000083000000, 0x0000000083000000| Complete 
|  49|0x0000000083100000, 0x0000000083200000, 0x0000000083200000|100%|HC|  |TAMS 0x0000000083100000, 0x0000000083100000| Complete 
|  50|0x0000000083200000, 0x0000000083300000, 0x0000000083300000|100%|HS|  |TAMS 0x0000000083200000, 0x0000000083200000| Complete 
|  51|0x0000000083300000, 0x0000000083400000, 0x0000000083400000|100%|HC|  |TAMS 0x0000000083300000, 0x0000000083300000| Complete 
|  52|0x0000000083400000, 0x0000000083500000, 0x0000000083500000|100%| O|  |TAMS 0x0000000083500000, 0x0000000083400000| Complete 
|  53|0x0000000083500000, 0x0000000083600000, 0x0000000083600000|100%| O|  |TAMS 0x0000000083600000, 0x0000000083500000| Complete 
|  54|0x0000000083600000, 0x0000000083700000, 0x0000000083700000|100%| O|  |TAMS 0x0000000083700000, 0x0000000083600000| Untracked 
|  55|0x0000000083700000, 0x0000000083700000, 0x0000000083800000|  0%| F|  |TAMS 0x0000000083700000, 0x0000000083700000| Untracked 
|  56|0x0000000083800000, 0x0000000083900000, 0x0000000083900000|100%| O|  |TAMS 0x0000000083900000, 0x0000000083800000| Complete 
|  57|0x0000000083900000, 0x0000000083a00000, 0x0000000083a00000|100%|HS|  |TAMS 0x0000000083900000, 0x0000000083900000| Complete 
|  58|0x0000000083a00000, 0x0000000083b00000, 0x0000000083b00000|100%|HC|  |TAMS 0x0000000083a00000, 0x0000000083a00000| Complete 
|  59|0x0000000083b00000, 0x0000000083c00000, 0x0000000083c00000|100%| O|  |TAMS 0x0000000083c00000, 0x0000000083b00000| Complete 
|  60|0x0000000083c00000, 0x0000000083d00000, 0x0000000083d00000|100%| O|  |TAMS 0x0000000083d00000, 0x0000000083c00000| Complete 
|  61|0x0000000083d00000, 0x0000000083e00000, 0x0000000083e00000|100%| O|  |TAMS 0x0000000083e00000, 0x0000000083d00000| Untracked 
|  62|0x0000000083e00000, 0x0000000083f00000, 0x0000000083f00000|100%| O|  |TAMS 0x0000000083f00000, 0x0000000083e00000| Complete 
|  63|0x0000000083f00000, 0x0000000084000000, 0x0000000084000000|100%| O|  |TAMS 0x0000000084000000, 0x0000000083f00000| Complete 
|  64|0x0000000084000000, 0x0000000084100000, 0x0000000084100000|100%| O|  |TAMS 0x0000000084100000, 0x0000000084000000| Complete 
|  65|0x0000000084100000, 0x0000000084200000, 0x0000000084200000|100%| O|  |TAMS 0x0000000084200000, 0x0000000084100000| Untracked 
|  66|0x0000000084200000, 0x0000000084300000, 0x0000000084300000|100%| O|  |TAMS 0x0000000084300000, 0x0000000084200000| Untracked 
|  67|0x0000000084300000, 0x0000000084400000, 0x0000000084400000|100%| O|  |TAMS 0x0000000084400000, 0x0000000084300000| Complete 
|  68|0x0000000084400000, 0x0000000084400000, 0x0000000084500000|  0%| F|  |TAMS 0x0000000084400000, 0x0000000084400000| Untracked 
|  69|0x0000000084500000, 0x0000000084500000, 0x0000000084600000|  0%| F|  |TAMS 0x0000000084500000, 0x0000000084500000| Untracked 
|  70|0x0000000084600000, 0x0000000084600000, 0x0000000084700000|  0%| F|  |TAMS 0x0000000084600000, 0x0000000084600000| Untracked 
|  71|0x0000000084700000, 0x0000000084700000, 0x0000000084800000|  0%| F|  |TAMS 0x0000000084700000, 0x0000000084700000| Untracked 
|  72|0x0000000084800000, 0x0000000084900000, 0x0000000084900000|100%| O|  |TAMS 0x0000000084900000, 0x0000000084800000| Untracked 
|  73|0x0000000084900000, 0x0000000084a00000, 0x0000000084a00000|100%| O|  |TAMS 0x0000000084a00000, 0x0000000084900000| Complete 
|  74|0x0000000084a00000, 0x0000000084b00000, 0x0000000084b00000|100%| O|  |TAMS 0x0000000084b00000, 0x0000000084a00000| Complete 
|  75|0x0000000084b00000, 0x0000000084b00000, 0x0000000084c00000|  0%| F|  |TAMS 0x0000000084b00000, 0x0000000084b00000| Untracked 
|  76|0x0000000084c00000, 0x0000000084c00000, 0x0000000084d00000|  0%| F|  |TAMS 0x0000000084c00000, 0x0000000084c00000| Untracked 
|  77|0x0000000084d00000, 0x0000000084d00000, 0x0000000084e00000|  0%| F|  |TAMS 0x0000000084d00000, 0x0000000084d00000| Untracked 
|  78|0x0000000084e00000, 0x0000000084f00000, 0x0000000084f00000|100%| O|  |TAMS 0x0000000084f00000, 0x0000000084e00000| Untracked 
|  79|0x0000000084f00000, 0x0000000085000000, 0x0000000085000000|100%| O|  |TAMS 0x0000000085000000, 0x0000000084f00000| Complete 
|  80|0x0000000085000000, 0x0000000085100000, 0x0000000085100000|100%| O|  |TAMS 0x0000000085100000, 0x0000000085000000| Complete 
|  81|0x0000000085100000, 0x0000000085200000, 0x0000000085200000|100%| O|  |TAMS 0x0000000085200000, 0x0000000085100000| Untracked 
|  82|0x0000000085200000, 0x0000000085300000, 0x0000000085300000|100%| O|  |TAMS 0x0000000085300000, 0x0000000085200000| Complete 
|  83|0x0000000085300000, 0x0000000085400000, 0x0000000085400000|100%| O|  |TAMS 0x0000000085400000, 0x0000000085300000| Untracked 
|  84|0x0000000085400000, 0x0000000085500000, 0x0000000085500000|100%| O|  |TAMS 0x0000000085500000, 0x0000000085400000| Untracked 
|  85|0x0000000085500000, 0x0000000085500000, 0x0000000085600000|  0%| F|  |TAMS 0x0000000085500000, 0x0000000085500000| Untracked 
|  86|0x0000000085600000, 0x0000000085700000, 0x0000000085700000|100%| O|  |TAMS 0x0000000085700000, 0x0000000085600000| Complete 
|  87|0x0000000085700000, 0x0000000085800000, 0x0000000085800000|100%| O|  |TAMS 0x0000000085800000, 0x0000000085700000| Complete 
|  88|0x0000000085800000, 0x0000000085900000, 0x0000000085900000|100%| O|  |TAMS 0x0000000085900000, 0x0000000085800000| Untracked 
|  89|0x0000000085900000, 0x0000000085a00000, 0x0000000085a00000|100%| O|  |TAMS 0x0000000085a00000, 0x0000000085900000| Untracked 
|  90|0x0000000085a00000, 0x0000000085b00000, 0x0000000085b00000|100%| O|  |TAMS 0x0000000085b00000, 0x0000000085a00000| Untracked 
|  91|0x0000000085b00000, 0x0000000085c00000, 0x0000000085c00000|100%| O|  |TAMS 0x0000000085c00000, 0x0000000085b00000| Untracked 
|  92|0x0000000085c00000, 0x0000000085d00000, 0x0000000085d00000|100%| O|  |TAMS 0x0000000085d00000, 0x0000000085c00000| Untracked 
|  93|0x0000000085d00000, 0x0000000085e00000, 0x0000000085e00000|100%| O|  |TAMS 0x0000000085e00000, 0x0000000085d00000| Untracked 
|  94|0x0000000085e00000, 0x0000000085f00000, 0x0000000085f00000|100%| O|  |TAMS 0x0000000085f00000, 0x0000000085e00000| Untracked 
|  95|0x0000000085f00000, 0x0000000086000000, 0x0000000086000000|100%| O|  |TAMS 0x0000000086000000, 0x0000000085f00000| Untracked 
|  96|0x0000000086000000, 0x0000000086100000, 0x0000000086100000|100%| O|  |TAMS 0x0000000086100000, 0x0000000086000000| Untracked 
|  97|0x0000000086100000, 0x0000000086200000, 0x0000000086200000|100%| O|  |TAMS 0x0000000086200000, 0x0000000086100000| Untracked 
|  98|0x0000000086200000, 0x0000000086300000, 0x0000000086300000|100%| O|  |TAMS 0x0000000086300000, 0x0000000086200000| Untracked 
|  99|0x0000000086300000, 0x0000000086400000, 0x0000000086400000|100%| O|  |TAMS 0x0000000086400000, 0x0000000086300000| Untracked 
| 100|0x0000000086400000, 0x0000000086500000, 0x0000000086500000|100%| O|  |TAMS 0x0000000086500000, 0x0000000086400000| Untracked 
| 101|0x0000000086500000, 0x0000000086600000, 0x0000000086600000|100%| O|  |TAMS 0x0000000086600000, 0x0000000086500000| Untracked 
| 102|0x0000000086600000, 0x0000000086700000, 0x0000000086700000|100%| O|  |TAMS 0x0000000086700000, 0x0000000086600000| Complete 
| 103|0x0000000086700000, 0x0000000086800000, 0x0000000086800000|100%| O|  |TAMS 0x0000000086800000, 0x0000000086700000| Complete 
| 104|0x0000000086800000, 0x0000000086800000, 0x0000000086900000|  0%| F|  |TAMS 0x0000000086800000, 0x0000000086800000| Untracked 
| 105|0x0000000086900000, 0x0000000086900000, 0x0000000086a00000|  0%| F|  |TAMS 0x0000000086900000, 0x0000000086900000| Untracked 
| 106|0x0000000086a00000, 0x0000000086b00000, 0x0000000086b00000|100%| O|  |TAMS 0x0000000086b00000, 0x0000000086a00000| Complete 
| 107|0x0000000086b00000, 0x0000000086c00000, 0x0000000086c00000|100%| O|  |TAMS 0x0000000086c00000, 0x0000000086b00000| Complete 
| 108|0x0000000086c00000, 0x0000000086d00000, 0x0000000086d00000|100%| O|  |TAMS 0x0000000086d00000, 0x0000000086c00000| Complete 
| 109|0x0000000086d00000, 0x0000000086e00000, 0x0000000086e00000|100%| O|  |TAMS 0x0000000086e00000, 0x0000000086d00000| Complete 
| 110|0x0000000086e00000, 0x0000000086e00000, 0x0000000086f00000|  0%| F|  |TAMS 0x0000000086e00000, 0x0000000086e00000| Untracked 
| 111|0x0000000086f00000, 0x0000000087000000, 0x0000000087000000|100%| O|  |TAMS 0x0000000087000000, 0x0000000086f00000| Untracked 
| 112|0x0000000087000000, 0x0000000087000000, 0x0000000087100000|  0%| F|  |TAMS 0x0000000087000000, 0x0000000087000000| Untracked 
| 113|0x0000000087100000, 0x0000000087200000, 0x0000000087200000|100%| O|  |TAMS 0x0000000087200000, 0x0000000087100000| Complete 
| 114|0x0000000087200000, 0x0000000087300000, 0x0000000087300000|100%| O|  |TAMS 0x0000000087300000, 0x0000000087200000| Complete 
| 115|0x0000000087300000, 0x0000000087300000, 0x0000000087400000|  0%| F|  |TAMS 0x0000000087300000, 0x0000000087300000| Untracked 
| 116|0x0000000087400000, 0x0000000087400000, 0x0000000087500000|  0%| F|  |TAMS 0x0000000087400000, 0x0000000087400000| Untracked 
| 117|0x0000000087500000, 0x0000000087600000, 0x0000000087600000|100%| O|  |TAMS 0x0000000087600000, 0x0000000087500000| Complete 
| 118|0x0000000087600000, 0x0000000087600000, 0x0000000087700000|  0%| F|  |TAMS 0x0000000087600000, 0x0000000087600000| Untracked 
| 119|0x0000000087700000, 0x0000000087700000, 0x0000000087800000|  0%| F|  |TAMS 0x0000000087700000, 0x0000000087700000| Untracked 
| 120|0x0000000087800000, 0x0000000087800000, 0x0000000087900000|  0%| F|  |TAMS 0x0000000087800000, 0x0000000087800000| Untracked 
| 121|0x0000000087900000, 0x0000000087900000, 0x0000000087a00000|  0%| F|  |TAMS 0x0000000087900000, 0x0000000087900000| Untracked 
| 122|0x0000000087a00000, 0x0000000087a00000, 0x0000000087b00000|  0%| F|  |TAMS 0x0000000087a00000, 0x0000000087a00000| Untracked 
| 123|0x0000000087b00000, 0x0000000087b00000, 0x0000000087c00000|  0%| F|  |TAMS 0x0000000087b00000, 0x0000000087b00000| Untracked 
| 124|0x0000000087c00000, 0x0000000087c00000, 0x0000000087d00000|  0%| F|  |TAMS 0x0000000087c00000, 0x0000000087c00000| Untracked 
| 125|0x0000000087d00000, 0x0000000087d00000, 0x0000000087e00000|  0%| F|  |TAMS 0x0000000087d00000, 0x0000000087d00000| Untracked 
| 126|0x0000000087e00000, 0x0000000087e00000, 0x0000000087f00000|  0%| F|  |TAMS 0x0000000087e00000, 0x0000000087e00000| Untracked 
| 127|0x0000000087f00000, 0x0000000087f00000, 0x0000000088000000|  0%| F|  |TAMS 0x0000000087f00000, 0x0000000087f00000| Untracked 
| 128|0x0000000088000000, 0x0000000088000000, 0x0000000088100000|  0%| F|  |TAMS 0x0000000088000000, 0x0000000088000000| Untracked 
| 129|0x0000000088100000, 0x0000000088100000, 0x0000000088200000|  0%| F|  |TAMS 0x0000000088100000, 0x0000000088100000| Untracked 
| 130|0x0000000088200000, 0x0000000088200000, 0x0000000088300000|  0%| F|  |TAMS 0x0000000088200000, 0x0000000088200000| Untracked 
| 131|0x0000000088300000, 0x0000000088300000, 0x0000000088400000|  0%| F|  |TAMS 0x0000000088300000, 0x0000000088300000| Untracked 
| 132|0x0000000088400000, 0x0000000088400000, 0x0000000088500000|  0%| F|  |TAMS 0x0000000088400000, 0x0000000088400000| Untracked 
| 133|0x0000000088500000, 0x0000000088500000, 0x0000000088600000|  0%| F|  |TAMS 0x0000000088500000, 0x0000000088500000| Untracked 
| 134|0x0000000088600000, 0x0000000088600000, 0x0000000088700000|  0%| F|  |TAMS 0x0000000088600000, 0x0000000088600000| Untracked 
| 135|0x0000000088700000, 0x0000000088700000, 0x0000000088800000|  0%| F|  |TAMS 0x0000000088700000, 0x0000000088700000| Untracked 
| 136|0x0000000088800000, 0x0000000088800000, 0x0000000088900000|  0%| F|  |TAMS 0x0000000088800000, 0x0000000088800000| Untracked 
| 137|0x0000000088900000, 0x0000000088900000, 0x0000000088a00000|  0%| F|  |TAMS 0x0000000088900000, 0x0000000088900000| Untracked 
| 138|0x0000000088a00000, 0x0000000088a00000, 0x0000000088b00000|  0%| F|  |TAMS 0x0000000088a00000, 0x0000000088a00000| Untracked 
| 139|0x0000000088b00000, 0x0000000088b00000, 0x0000000088c00000|  0%| F|  |TAMS 0x0000000088b00000, 0x0000000088b00000| Untracked 
| 140|0x0000000088c00000, 0x0000000088c00000, 0x0000000088d00000|  0%| F|  |TAMS 0x0000000088c00000, 0x0000000088c00000| Untracked 
| 141|0x0000000088d00000, 0x0000000088d00000, 0x0000000088e00000|  0%| F|  |TAMS 0x0000000088d00000, 0x0000000088d00000| Untracked 
| 142|0x0000000088e00000, 0x0000000088e00000, 0x0000000088f00000|  0%| F|  |TAMS 0x0000000088e00000, 0x0000000088e00000| Untracked 
| 143|0x0000000088f00000, 0x0000000088f00000, 0x0000000089000000|  0%| F|  |TAMS 0x0000000088f00000, 0x0000000088f00000| Untracked 
| 144|0x0000000089000000, 0x0000000089000000, 0x0000000089100000|  0%| F|  |TAMS 0x0000000089000000, 0x0000000089000000| Untracked 
| 145|0x0000000089100000, 0x0000000089100000, 0x0000000089200000|  0%| F|  |TAMS 0x0000000089100000, 0x0000000089100000| Untracked 
| 146|0x0000000089200000, 0x0000000089200000, 0x0000000089300000|  0%| F|  |TAMS 0x0000000089200000, 0x0000000089200000| Untracked 
| 147|0x0000000089300000, 0x0000000089300000, 0x0000000089400000|  0%| F|  |TAMS 0x0000000089300000, 0x0000000089300000| Untracked 
| 148|0x0000000089400000, 0x0000000089400000, 0x0000000089500000|  0%| F|  |TAMS 0x0000000089400000, 0x0000000089400000| Untracked 
| 149|0x0000000089500000, 0x0000000089500000, 0x0000000089600000|  0%| F|  |TAMS 0x0000000089500000, 0x0000000089500000| Untracked 
| 150|0x0000000089600000, 0x0000000089600000, 0x0000000089700000|  0%| F|  |TAMS 0x0000000089600000, 0x0000000089600000| Untracked 
| 151|0x0000000089700000, 0x0000000089700000, 0x0000000089800000|  0%| F|  |TAMS 0x0000000089700000, 0x0000000089700000| Untracked 
| 152|0x0000000089800000, 0x0000000089800000, 0x0000000089900000|  0%| F|  |TAMS 0x0000000089800000, 0x0000000089800000| Untracked 
| 153|0x0000000089900000, 0x0000000089900000, 0x0000000089a00000|  0%| F|  |TAMS 0x0000000089900000, 0x0000000089900000| Untracked 
| 154|0x0000000089a00000, 0x0000000089a00000, 0x0000000089b00000|  0%| F|  |TAMS 0x0000000089a00000, 0x0000000089a00000| Untracked 
| 155|0x0000000089b00000, 0x0000000089b00000, 0x0000000089c00000|  0%| F|  |TAMS 0x0000000089b00000, 0x0000000089b00000| Untracked 
| 156|0x0000000089c00000, 0x0000000089c00000, 0x0000000089d00000|  0%| F|  |TAMS 0x0000000089c00000, 0x0000000089c00000| Untracked 
| 157|0x0000000089d00000, 0x0000000089d00000, 0x0000000089e00000|  0%| F|  |TAMS 0x0000000089d00000, 0x0000000089d00000| Untracked 
| 158|0x0000000089e00000, 0x0000000089e00000, 0x0000000089f00000|  0%| F|  |TAMS 0x0000000089e00000, 0x0000000089e00000| Untracked 
| 159|0x0000000089f00000, 0x0000000089f00000, 0x000000008a000000|  0%| F|  |TAMS 0x0000000089f00000, 0x0000000089f00000| Untracked 
| 160|0x000000008a000000, 0x000000008a000000, 0x000000008a100000|  0%| F|  |TAMS 0x000000008a000000, 0x000000008a000000| Untracked 
| 161|0x000000008a100000, 0x000000008a100000, 0x000000008a200000|  0%| F|  |TAMS 0x000000008a100000, 0x000000008a100000| Untracked 
| 162|0x000000008a200000, 0x000000008a200000, 0x000000008a300000|  0%| F|  |TAMS 0x000000008a200000, 0x000000008a200000| Untracked 
| 163|0x000000008a300000, 0x000000008a300000, 0x000000008a400000|  0%| F|  |TAMS 0x000000008a300000, 0x000000008a300000| Untracked 
| 164|0x000000008a400000, 0x000000008a400000, 0x000000008a500000|  0%| F|  |TAMS 0x000000008a400000, 0x000000008a400000| Untracked 
| 165|0x000000008a500000, 0x000000008a5e8148, 0x000000008a600000| 90%| E|  |TAMS 0x000000008a500000, 0x000000008a500000| Complete 
| 166|0x000000008a600000, 0x000000008a700000, 0x000000008a700000|100%| E|CS|TAMS 0x000000008a600000, 0x000000008a600000| Complete 
| 167|0x000000008a700000, 0x000000008a800000, 0x000000008a800000|100%| E|CS|TAMS 0x000000008a700000, 0x000000008a700000| Complete 
| 168|0x000000008a800000, 0x000000008a900000, 0x000000008a900000|100%| E|CS|TAMS 0x000000008a800000, 0x000000008a800000| Complete 
| 169|0x000000008a900000, 0x000000008aa00000, 0x000000008aa00000|100%| E|CS|TAMS 0x000000008a900000, 0x000000008a900000| Complete 
| 170|0x000000008aa00000, 0x000000008ab00000, 0x000000008ab00000|100%| E|CS|TAMS 0x000000008aa00000, 0x000000008aa00000| Complete 
| 171|0x000000008ab00000, 0x000000008ac00000, 0x000000008ac00000|100%| E|CS|TAMS 0x000000008ab00000, 0x000000008ab00000| Complete 
| 172|0x000000008ac00000, 0x000000008ad00000, 0x000000008ad00000|100%| E|  |TAMS 0x000000008ac00000, 0x000000008ac00000| Complete 
| 173|0x000000008ad00000, 0x000000008ae00000, 0x000000008ae00000|100%| E|CS|TAMS 0x000000008ad00000, 0x000000008ad00000| Complete 
| 174|0x000000008ae00000, 0x000000008af00000, 0x000000008af00000|100%| E|CS|TAMS 0x000000008ae00000, 0x000000008ae00000| Complete 
| 175|0x000000008af00000, 0x000000008b000000, 0x000000008b000000|100%| E|CS|TAMS 0x000000008af00000, 0x000000008af00000| Complete 
| 176|0x000000008b000000, 0x000000008b100000, 0x000000008b100000|100%| E|CS|TAMS 0x000000008b000000, 0x000000008b000000| Complete 
| 177|0x000000008b100000, 0x000000008b200000, 0x000000008b200000|100%| E|CS|TAMS 0x000000008b100000, 0x000000008b100000| Complete 
| 178|0x000000008b200000, 0x000000008b300000, 0x000000008b300000|100%| E|CS|TAMS 0x000000008b200000, 0x000000008b200000| Complete 
| 179|0x000000008b300000, 0x000000008b400000, 0x000000008b400000|100%| E|CS|TAMS 0x000000008b300000, 0x000000008b300000| Complete 
| 180|0x000000008b400000, 0x000000008b500000, 0x000000008b500000|100%| E|CS|TAMS 0x000000008b400000, 0x000000008b400000| Complete 
| 181|0x000000008b500000, 0x000000008b600000, 0x000000008b600000|100%| E|CS|TAMS 0x000000008b500000, 0x000000008b500000| Complete 
| 182|0x000000008b600000, 0x000000008b700000, 0x000000008b700000|100%| E|CS|TAMS 0x000000008b600000, 0x000000008b600000| Complete 
| 183|0x000000008b700000, 0x000000008b800000, 0x000000008b800000|100%| E|CS|TAMS 0x000000008b700000, 0x000000008b700000| Complete 
| 184|0x000000008b800000, 0x000000008b900000, 0x000000008b900000|100%| E|CS|TAMS 0x000000008b800000, 0x000000008b800000| Complete 
| 185|0x000000008b900000, 0x000000008ba00000, 0x000000008ba00000|100%| E|CS|TAMS 0x000000008b900000, 0x000000008b900000| Complete 
| 186|0x000000008ba00000, 0x000000008bb00000, 0x000000008bb00000|100%| E|CS|TAMS 0x000000008ba00000, 0x000000008ba00000| Complete 
| 187|0x000000008bb00000, 0x000000008bc00000, 0x000000008bc00000|100%| E|CS|TAMS 0x000000008bb00000, 0x000000008bb00000| Complete 
| 188|0x000000008bc00000, 0x000000008bd00000, 0x000000008bd00000|100%| E|CS|TAMS 0x000000008bc00000, 0x000000008bc00000| Complete 
| 189|0x000000008bd00000, 0x000000008be00000, 0x000000008be00000|100%| E|CS|TAMS 0x000000008bd00000, 0x000000008bd00000| Complete 
| 190|0x000000008be00000, 0x000000008bf00000, 0x000000008bf00000|100%| E|CS|TAMS 0x000000008be00000, 0x000000008be00000| Complete 
| 191|0x000000008bf00000, 0x000000008c000000, 0x000000008c000000|100%| E|CS|TAMS 0x000000008bf00000, 0x000000008bf00000| Complete 
| 192|0x000000008c000000, 0x000000008c100000, 0x000000008c100000|100%| E|CS|TAMS 0x000000008c000000, 0x000000008c000000| Complete 
| 193|0x000000008c100000, 0x000000008c200000, 0x000000008c200000|100%| E|CS|TAMS 0x000000008c100000, 0x000000008c100000| Complete 
| 194|0x000000008c200000, 0x000000008c300000, 0x000000008c300000|100%| E|CS|TAMS 0x000000008c200000, 0x000000008c200000| Complete 
| 195|0x000000008c300000, 0x000000008c400000, 0x000000008c400000|100%| E|CS|TAMS 0x000000008c300000, 0x000000008c300000| Complete 
| 196|0x000000008c400000, 0x000000008c500000, 0x000000008c500000|100%| E|CS|TAMS 0x000000008c400000, 0x000000008c400000| Complete 
| 197|0x000000008c500000, 0x000000008c600000, 0x000000008c600000|100%| E|CS|TAMS 0x000000008c500000, 0x000000008c500000| Complete 
| 198|0x000000008c600000, 0x000000008c700000, 0x000000008c700000|100%| E|CS|TAMS 0x000000008c600000, 0x000000008c600000| Complete 
| 199|0x000000008c700000, 0x000000008c800000, 0x000000008c800000|100%| E|CS|TAMS 0x000000008c700000, 0x000000008c700000| Complete 
| 200|0x000000008c800000, 0x000000008c900000, 0x000000008c900000|100%| E|CS|TAMS 0x000000008c800000, 0x000000008c800000| Complete 
| 201|0x000000008c900000, 0x000000008ca00000, 0x000000008ca00000|100%| E|CS|TAMS 0x000000008c900000, 0x000000008c900000| Complete 
| 202|0x000000008ca00000, 0x000000008cb00000, 0x000000008cb00000|100%| E|CS|TAMS 0x000000008ca00000, 0x000000008ca00000| Complete 
| 203|0x000000008cb00000, 0x000000008cc00000, 0x000000008cc00000|100%| E|CS|TAMS 0x000000008cb00000, 0x000000008cb00000| Complete 
| 204|0x000000008cc00000, 0x000000008cd00000, 0x000000008cd00000|100%| E|CS|TAMS 0x000000008cc00000, 0x000000008cc00000| Complete 
| 205|0x000000008cd00000, 0x000000008ce00000, 0x000000008ce00000|100%| E|CS|TAMS 0x000000008cd00000, 0x000000008cd00000| Complete 
| 206|0x000000008ce00000, 0x000000008cf00000, 0x000000008cf00000|100%| E|CS|TAMS 0x000000008ce00000, 0x000000008ce00000| Complete 
| 207|0x000000008cf00000, 0x000000008d000000, 0x000000008d000000|100%| E|CS|TAMS 0x000000008cf00000, 0x000000008cf00000| Complete 
| 208|0x000000008d000000, 0x000000008d100000, 0x000000008d100000|100%| E|CS|TAMS 0x000000008d000000, 0x000000008d000000| Complete 
| 209|0x000000008d100000, 0x000000008d200000, 0x000000008d200000|100%| E|CS|TAMS 0x000000008d100000, 0x000000008d100000| Complete 
| 210|0x000000008d200000, 0x000000008d2b7a68, 0x000000008d300000| 71%| S|CS|TAMS 0x000000008d200000, 0x000000008d200000| Complete 
| 211|0x000000008d300000, 0x000000008d400000, 0x000000008d400000|100%| E|CS|TAMS 0x000000008d300000, 0x000000008d300000| Complete 
| 212|0x000000008d400000, 0x000000008d500000, 0x000000008d500000|100%| E|CS|TAMS 0x000000008d400000, 0x000000008d400000| Complete 
| 213|0x000000008d500000, 0x000000008d600000, 0x000000008d600000|100%| E|CS|TAMS 0x000000008d500000, 0x000000008d500000| Complete 
| 214|0x000000008d600000, 0x000000008d700000, 0x000000008d700000|100%| E|CS|TAMS 0x000000008d600000, 0x000000008d600000| Complete 
| 215|0x000000008d700000, 0x000000008d800000, 0x000000008d800000|100%| E|CS|TAMS 0x000000008d700000, 0x000000008d700000| Complete 
| 216|0x000000008d800000, 0x000000008d900000, 0x000000008d900000|100%| E|CS|TAMS 0x000000008d800000, 0x000000008d800000| Complete 
| 217|0x000000008d900000, 0x000000008da00000, 0x000000008da00000|100%| E|CS|TAMS 0x000000008d900000, 0x000000008d900000| Complete 
| 218|0x000000008da00000, 0x000000008db00000, 0x000000008db00000|100%| E|CS|TAMS 0x000000008da00000, 0x000000008da00000| Complete 
| 219|0x000000008db00000, 0x000000008dc00000, 0x000000008dc00000|100%| E|CS|TAMS 0x000000008db00000, 0x000000008db00000| Complete 
| 220|0x000000008dc00000, 0x000000008dd00000, 0x000000008dd00000|100%| E|CS|TAMS 0x000000008dc00000, 0x000000008dc00000| Complete 
| 221|0x000000008dd00000, 0x000000008de00000, 0x000000008de00000|100%| E|CS|TAMS 0x000000008dd00000, 0x000000008dd00000| Complete 
| 222|0x000000008de00000, 0x000000008df00000, 0x000000008df00000|100%| E|CS|TAMS 0x000000008de00000, 0x000000008de00000| Complete 

Card table byte_map: [0x00000234f59a0000,0x00000234f5da0000] _byte_map_base: 0x00000234f55a0000

Marking Bits (Prev, Next): (CMBitMap*) 0x00000234f104ebd0, (CMBitMap*) 0x00000234f104eb98
 Prev Bits: [0x00000234f81a0000, 0x00000234fa1a0000)
 Next Bits: [0x00000234f61a0000, 0x00000234f81a0000)

Polling page: 0x00000234f10f0000

Metaspace:

Usage:
  Non-class:    110.92 MB capacity,   108.93 MB ( 98%) used,     1.60 MB (  1%) free+waste,   403.19 KB ( <1%) overhead. 
      Class:     16.32 MB capacity,    15.16 MB ( 93%) used,  1015.05 KB (  6%) free+waste,   170.63 KB (  1%) overhead. 
       Both:    127.24 MB capacity,   124.09 MB ( 98%) used,     2.59 MB (  2%) free+waste,   573.81 KB ( <1%) overhead. 

Virtual space:
  Non-class space:      112.00 MB reserved,     112.00 MB (100%) committed 
      Class space:        1.00 GB reserved,      17.20 MB (  2%) committed 
             Both:        1.11 GB reserved,     129.20 MB ( 11%) committed 

Chunk freelists:
   Non-Class:  916.00 KB
       Class:  795.00 KB
        Both:  1.67 MB

MaxMetaspaceSize: 17179869184.00 GB
CompressedClassSpaceSize: 1.00 GB

CodeHeap 'non-profiled nmethods': size=120000Kb used=13676Kb max_used=13676Kb free=106323Kb
 bounds [0x0000023487ad0000, 0x0000023488830000, 0x000002348f000000]
CodeHeap 'profiled nmethods': size=120000Kb used=50382Kb max_used=50382Kb free=69617Kb
 bounds [0x00000234805a0000, 0x0000023483700000, 0x0000023487ad0000]
CodeHeap 'non-nmethods': size=5760Kb used=2359Kb max_used=2441Kb free=3400Kb
 bounds [0x0000023480000000, 0x0000023480270000, 0x00000234805a0000]
 total_blobs=23964 nmethods=22985 adapters=888
 compilation: enabled
              stopped_count=0, restarted_count=0
 full_count=0

Compilation events (20 events):
Event: 4757.146 Thread 0x000002349b657000 nmethod 25499 0x000002348881de10 code [0x000002348881dfa0, 0x000002348881e038]
Event: 4757.173 Thread 0x00000234fccb8000 nmethod 25472 0x000002348881e110 code [0x000002348881eac0, 0x0000023488825740]
Event: 4757.178 Thread 0x00000234fccbc800 25500       3       com.android.build.gradle.internal.api.DefaultAndroidSourceDirectorySet::setSrcDirs (53 bytes)
Event: 4757.181 Thread 0x00000234fccbc800 nmethod 25500 0x00000234836efc90 code [0x00000234836eff60, 0x00000234836f0e38]
Event: 4757.181 Thread 0x00000234fccbc800 25501       3       com.android.build.gradle.internal.dependency.SourceSetManager::createConfiguration$default (17 bytes)
Event: 4757.181 Thread 0x00000234fccbc800 nmethod 25501 0x00000234836f1390 code [0x00000234836f1540, 0x00000234836f1688]
Event: 4757.181 Thread 0x00000234fccbc800 25502       3       com.android.build.gradle.internal.dependency.SourceSetManager::createConfiguration (72 bytes)
Event: 4757.182 Thread 0x00000234fccbc800 nmethod 25502 0x00000234836f1790 code [0x00000234836f19c0, 0x00000234836f20a8]
Event: 4757.187 Thread 0x00000234fccbc800 25503       3       com.android.resources.Density::isRecommended (84 bytes)
Event: 4757.187 Thread 0x00000234fccbc800 nmethod 25503 0x00000234836f2290 code [0x00000234836f2440, 0x00000234836f26f8]
Event: 4757.208 Thread 0x000002349b657000 25504       4       java.util.regex.Matcher::end (22 bytes)
Event: 4757.209 Thread 0x000002349b657000 nmethod 25504 0x000002348882a010 code [0x000002348882a1a0, 0x000002348882a218]
Event: 4757.209 Thread 0x00000234fccb8000 25505       4       org.gradle.internal.operations.DefaultBuildOperationAncestryTracker::finished (15 bytes)
Event: 4757.210 Thread 0x000002349b657000 25506       4       org.gradle.internal.operations.DefaultBuildOperationAncestryTracker::findClosestMatchingAncestor (42 bytes)
Event: 4757.210 Thread 0x00000234fccbc800 25507       3       org.gradle.api.specs.Specs::satisfyAll (10 bytes)
Event: 4757.210 Thread 0x00000234fccbc800 nmethod 25507 0x00000234819a6810 code [0x00000234819a69c0, 0x00000234819a6af8]
Event: 4757.210 Thread 0x00000234fccb8000 nmethod 25505 0x000002348882a290 code [0x000002348882a440, 0x000002348882a508]
Event: 4757.210 Thread 0x00000234fccb8000 25509       4       org.gradle.api.internal.DefaultMutationGuard::isMutationAllowed (21 bytes)
Event: 4757.210 Thread 0x00000234fccbc800 25508       3       org.gradle.internal.ImmutableActionSet$SetWithFewActions::execute (38 bytes)
Event: 4757.211 Thread 0x00000234fccbc800 nmethod 25508 0x00000234836f2810 code [0x00000234836f29e0, 0x00000234836f2c88]

GC Heap History (20 events):
Event: 1153.211 GC heap before
{Heap before GC invocations=83 (full 0):
 garbage-first heap   total 228352K, used 127510K [0x0000000080000000, 0x0000000100000000)
  region size 1024K, 21 young (21504K), 2 survivors (2048K)
 Metaspace       used 126512K, capacity 129952K, committed 131532K, reserved 1163264K
  class space    used 15590K, capacity 16839K, committed 17612K, reserved 1048576K
}
Event: 1153.233 GC heap after
{Heap after GC invocations=84 (full 0):
 garbage-first heap   total 228352K, used 110177K [0x0000000080000000, 0x0000000100000000)
  region size 1024K, 3 young (3072K), 3 survivors (3072K)
 Metaspace       used 126512K, capacity 129952K, committed 131532K, reserved 1163264K
  class space    used 15590K, capacity 16839K, committed 17612K, reserved 1048576K
}
Event: 1155.392 GC heap before
{Heap before GC invocations=85 (full 0):
 garbage-first heap   total 228352K, used 174689K [0x0000000080000000, 0x0000000100000000)
  region size 1024K, 69 young (70656K), 3 survivors (3072K)
 Metaspace       used 126721K, capacity 130107K, committed 131532K, reserved 1163264K
  class space    used 15592K, capacity 16843K, committed 17612K, reserved 1048576K
}
Event: 1155.401 GC heap after
{Heap after GC invocations=86 (full 0):
 garbage-first heap   total 228352K, used 109099K [0x0000000080000000, 0x0000000100000000)
  region size 1024K, 4 young (4096K), 4 survivors (4096K)
 Metaspace       used 126721K, capacity 130107K, committed 131532K, reserved 1163264K
  class space    used 15592K, capacity 16843K, committed 17612K, reserved 1048576K
}
Event: 1155.500 GC heap before
{Heap before GC invocations=86 (full 0):
 garbage-first heap   total 228352K, used 116267K [0x0000000080000000, 0x0000000100000000)
  region size 1024K, 11 young (11264K), 4 survivors (4096K)
 Metaspace       used 126730K, capacity 130107K, committed 131532K, reserved 1163264K
  class space    used 15592K, capacity 16843K, committed 17612K, reserved 1048576K
}
Event: 1155.520 GC heap after
{Heap after GC invocations=87 (full 0):
 garbage-first heap   total 228352K, used 96910K [0x0000000080000000, 0x0000000100000000)
  region size 1024K, 1 young (1024K), 1 survivors (1024K)
 Metaspace       used 126730K, capacity 130107K, committed 131532K, reserved 1163264K
  class space    used 15592K, capacity 16843K, committed 17612K, reserved 1048576K
}
Event: 1155.577 GC heap before
{Heap before GC invocations=87 (full 0):
 garbage-first heap   total 228352K, used 102030K [0x0000000080000000, 0x0000000100000000)
  region size 1024K, 7 young (7168K), 1 survivors (1024K)
 Metaspace       used 126730K, capacity 130107K, committed 131532K, reserved 1163264K
  class space    used 15592K, capacity 16843K, committed 17612K, reserved 1048576K
}
Event: 1155.580 GC heap after
{Heap after GC invocations=88 (full 0):
 garbage-first heap   total 228352K, used 96915K [0x0000000080000000, 0x0000000100000000)
  region size 1024K, 1 young (1024K), 1 survivors (1024K)
 Metaspace       used 126730K, capacity 130107K, committed 131532K, reserved 1163264K
  class space    used 15592K, capacity 16843K, committed 17612K, reserved 1048576K
}
Event: 3173.665 GC heap before
{Heap before GC invocations=89 (full 0):
 garbage-first heap   total 228352K, used 192147K [0x0000000080000000, 0x0000000100000000)
  region size 1024K, 84 young (86016K), 1 survivors (1024K)
 Metaspace       used 127016K, capacity 130438K, committed 132044K, reserved 1163264K
  class space    used 15592K, capacity 16844K, committed 17612K, reserved 1048576K
}
Event: 3173.725 GC heap after
{Heap after GC invocations=90 (full 0):
 garbage-first heap   total 228352K, used 101510K [0x0000000080000000, 0x0000000100000000)
  region size 1024K, 5 young (5120K), 5 survivors (5120K)
 Metaspace       used 127016K, capacity 130438K, committed 132044K, reserved 1163264K
  class space    used 15592K, capacity 16844K, committed 17612K, reserved 1048576K
}
Event: 3174.182 GC heap before
{Heap before GC invocations=90 (full 0):
 garbage-first heap   total 228352K, used 109702K [0x0000000080000000, 0x0000000100000000)
  region size 1024K, 14 young (14336K), 5 survivors (5120K)
 Metaspace       used 127052K, capacity 130439K, committed 132044K, reserved 1163264K
  class space    used 15592K, capacity 16844K, committed 17612K, reserved 1048576K
}
Event: 3174.218 GC heap after
{Heap after GC invocations=91 (full 0):
 garbage-first heap   total 228352K, used 103016K [0x0000000080000000, 0x0000000100000000)
  region size 1024K, 7 young (7168K), 7 survivors (7168K)
 Metaspace       used 127052K, capacity 130439K, committed 132044K, reserved 1163264K
  class space    used 15592K, capacity 16844K, committed 17612K, reserved 1048576K
}
Event: 3175.874 GC heap before
{Heap before GC invocations=92 (full 0):
 garbage-first heap   total 228352K, used 159336K [0x0000000080000000, 0x0000000100000000)
  region size 1024K, 61 young (62464K), 7 survivors (7168K)
 Metaspace       used 126597K, capacity 129678K, committed 132044K, reserved 1163264K
  class space    used 15468K, capacity 16608K, committed 17612K, reserved 1048576K
}
Event: 3175.907 GC heap after
{Heap after GC invocations=93 (full 0):
 garbage-first heap   total 228352K, used 106604K [0x0000000080000000, 0x0000000100000000)
  region size 1024K, 4 young (4096K), 4 survivors (4096K)
 Metaspace       used 126597K, capacity 129678K, committed 132044K, reserved 1163264K
  class space    used 15468K, capacity 16608K, committed 17612K, reserved 1048576K
}
Event: 3175.965 GC heap before
{Heap before GC invocations=93 (full 0):
 garbage-first heap   total 228352K, used 112748K [0x0000000080000000, 0x0000000100000000)
  region size 1024K, 11 young (11264K), 4 survivors (4096K)
 Metaspace       used 126641K, capacity 129772K, committed 132044K, reserved 1163264K
  class space    used 15472K, capacity 16613K, committed 17612K, reserved 1048576K
}
Event: 3176.073 GC heap after
{Heap after GC invocations=94 (full 0):
 garbage-first heap   total 228352K, used 93876K [0x0000000080000000, 0x0000000100000000)
  region size 1024K, 1 young (1024K), 1 survivors (1024K)
 Metaspace       used 126641K, capacity 129772K, committed 132044K, reserved 1163264K
  class space    used 15472K, capacity 16613K, committed 17612K, reserved 1048576K
}
Event: 3176.254 GC heap before
{Heap before GC invocations=94 (full 0):
 garbage-first heap   total 228352K, used 104116K [0x0000000080000000, 0x0000000100000000)
  region size 1024K, 11 young (11264K), 1 survivors (1024K)
 Metaspace       used 126719K, capacity 129871K, committed 132044K, reserved 1163264K
  class space    used 15480K, capacity 16629K, committed 17612K, reserved 1048576K
}
Event: 3176.266 GC heap after
{Heap after GC invocations=95 (full 0):
 garbage-first heap   total 228352K, used 93673K [0x0000000080000000, 0x0000000100000000)
  region size 1024K, 1 young (1024K), 1 survivors (1024K)
 Metaspace       used 126719K, capacity 129871K, committed 132044K, reserved 1163264K
  class space    used 15480K, capacity 16629K, committed 17612K, reserved 1048576K
}
Event: 3176.384 GC heap before
{Heap before GC invocations=95 (full 0):
 garbage-first heap   total 228352K, used 103913K [0x0000000080000000, 0x0000000100000000)
  region size 1024K, 12 young (12288K), 1 survivors (1024K)
 Metaspace       used 126721K, capacity 129871K, committed 132044K, reserved 1163264K
  class space    used 15480K, capacity 16629K, committed 17612K, reserved 1048576K
}
Event: 3176.390 GC heap after
{Heap after GC invocations=96 (full 0):
 garbage-first heap   total 228352K, used 93918K [0x0000000080000000, 0x0000000100000000)
  region size 1024K, 1 young (1024K), 1 survivors (1024K)
 Metaspace       used 126721K, capacity 129871K, committed 132044K, reserved 1163264K
  class space    used 15480K, capacity 16629K, committed 17612K, reserved 1048576K
}

Deoptimization events (20 events):
Event: 4755.798 Thread 0x00000234918d3800 Uncommon trap: trap_request=0xffffff4d fr.pc=0x00000234887d247c relative=0x000000000000015c
Event: 4755.798 Thread 0x00000234918d3800 Uncommon trap: reason=unstable_if action=reinterpret pc=0x00000234887d247c method=groovy.lang.MetaClassImpl.isGenericGetMethod(Lgroovy/lang/MetaMethod;)Z @ 10 c2
Event: 4755.798 Thread 0x00000234918d3800 DEOPT PACKING pc=0x00000234887d247c sp=0x000000c1960f9010
Event: 4755.798 Thread 0x00000234918d3800 DEOPT UNPACKING pc=0x00000234800278af sp=0x000000c1960f8fa0 mode 2
Event: 4755.937 Thread 0x00000234918d3800 Uncommon trap: trap_request=0xffffff4d fr.pc=0x0000023487dc9f8c relative=0x0000000000004dac
Event: 4755.937 Thread 0x00000234918d3800 Uncommon trap: reason=unstable_if action=reinterpret pc=0x0000023487dc9f8c method=java.lang.ref.SoftReference.get()Ljava/lang/Object; @ 6 c2
Event: 4755.937 Thread 0x00000234918d3800 DEOPT PACKING pc=0x0000023487dc9f8c sp=0x000000c1960fc0f0
Event: 4755.937 Thread 0x00000234918d3800 DEOPT UNPACKING pc=0x00000234800278af sp=0x000000c1960fbf80 mode 2
Event: 4756.232 Thread 0x00000234918d3800 Uncommon trap: trap_request=0xffffffde fr.pc=0x00000234883bff54 relative=0x0000000000000a74
Event: 4756.232 Thread 0x00000234918d3800 Uncommon trap: reason=class_check action=maybe_recompile pc=0x00000234883bff54 method=org.gradle.cache.internal.LockOnDemandCrossProcessCacheAccess.incrementLockCount()V @ 97 c2
Event: 4756.232 Thread 0x00000234918d3800 DEOPT PACKING pc=0x00000234883bff54 sp=0x000000c1960f8750
Event: 4756.232 Thread 0x00000234918d3800 DEOPT UNPACKING pc=0x00000234800278af sp=0x000000c1960f8720 mode 2
Event: 4756.738 Thread 0x00000234918d3800 Uncommon trap: trap_request=0xffffff4d fr.pc=0x00000234887aab68 relative=0x0000000000000548
Event: 4756.738 Thread 0x00000234918d3800 Uncommon trap: reason=unstable_if action=reinterpret pc=0x00000234887aab68 method=java.util.concurrent.ConcurrentLinkedQueue.updateHead(Ljava/util/concurrent/ConcurrentLinkedQueue$Node;Ljava/util/concurrent/ConcurrentLinkedQueue$Node;)V @ 14 c2
Event: 4756.738 Thread 0x00000234918d3800 DEOPT PACKING pc=0x00000234887aab68 sp=0x000000c1960f8d50
Event: 4756.738 Thread 0x000002349b42a800 Uncommon trap: trap_request=0xffffff4d fr.pc=0x000002348821c744 relative=0x0000000000000224
Event: 4756.738 Thread 0x000002349b42a800 Uncommon trap: reason=unstable_if action=reinterpret pc=0x000002348821c744 method=java.util.concurrent.ConcurrentLinkedQueue.updateHead(Ljava/util/concurrent/ConcurrentLinkedQueue$Node;Ljava/util/concurrent/ConcurrentLinkedQueue$Node;)V @ 14 c2
Event: 4756.738 Thread 0x000002349b42a800 DEOPT PACKING pc=0x000002348821c744 sp=0x000000c197efd590
Event: 4756.739 Thread 0x000002349b42a800 DEOPT UNPACKING pc=0x00000234800278af sp=0x000000c197efd550 mode 2
Event: 4756.739 Thread 0x00000234918d3800 DEOPT UNPACKING pc=0x00000234800278af sp=0x000000c1960f8c88 mode 2

Classes redefined (0 events):
No events

Internal exceptions (20 events):
Event: 4754.889 Thread 0x00000234918d6000 Exception <a 'java/lang/NoSuchMethodError'{0x000000008bd70bf8}: <clinit>> (0x000000008bd70bf8) thrown at [./src/hotspot/share/prims/jni.cpp, line 1362]
Event: 4754.919 Thread 0x00000234918d6000 Exception <a 'java/lang/NoSuchMethodError'{0x000000008bd79510}: <clinit>> (0x000000008bd79510) thrown at [./src/hotspot/share/prims/jni.cpp, line 1362]
Event: 4754.931 Thread 0x00000234918d6000 Exception <a 'java/lang/NoSuchMethodError'{0x000000008bd82938}: <clinit>> (0x000000008bd82938) thrown at [./src/hotspot/share/prims/jni.cpp, line 1362]
Event: 4754.999 Thread 0x00000234918d6000 Exception <a 'java/lang/NoSuchMethodError'{0x000000008bdba660}: <clinit>> (0x000000008bdba660) thrown at [./src/hotspot/share/prims/jni.cpp, line 1362]
Event: 4755.012 Thread 0x00000234918d6000 Exception <a 'java/lang/NoSuchMethodError'{0x000000008bdca020}: <clinit>> (0x000000008bdca020) thrown at [./src/hotspot/share/prims/jni.cpp, line 1362]
Event: 4755.034 Thread 0x00000234918d6000 Exception <a 'java/lang/NoSuchMethodError'{0x000000008bdeb178}: <clinit>> (0x000000008bdeb178) thrown at [./src/hotspot/share/prims/jni.cpp, line 1362]
Event: 4755.671 Thread 0x00000234918d3800 Implicit null exception at 0x000002348871b4c6 to 0x000002348872278c
Event: 4755.937 Thread 0x00000234918d3800 Implicit null exception at 0x0000023487dc527d to 0x0000023487dc9f58
Event: 4755.976 Thread 0x00000234918dc800 Exception <a 'java/lang/NoSuchMethodError'{0x000000008bc384f8}: <clinit>> (0x000000008bc384f8) thrown at [./src/hotspot/share/prims/jni.cpp, line 1362]
Event: 4756.055 Thread 0x00000234918dc800 Exception <a 'java/lang/NoSuchMethodError'{0x000000008b716f70}: <clinit>> (0x000000008b716f70) thrown at [./src/hotspot/share/prims/jni.cpp, line 1362]
Event: 4756.055 Thread 0x00000234918dc800 Exception <a 'java/lang/NoSuchMethodError'{0x000000008b718dc0}: <clinit>> (0x000000008b718dc0) thrown at [./src/hotspot/share/prims/jni.cpp, line 1362]
Event: 4756.235 Thread 0x00000234918d3800 Exception <a 'java/lang/NoSuchMethodError'{0x000000008b680550}: 'java.lang.Object java.lang.invoke.DelegatingMethodHandle$Holder.reinvoke_L(java.lang.Object, java.lang.Object, java.lang.Object, java.lang.Object, java.lang.Object, java.lang.Object, java.lang.Object, java.lang.Object, java.lang.Object, java.lang.Object, java.lang.Object, java.lang.Object, java.lang.Object, java.lang.Object, java.lang.Object, java.lang.Object, java.lang.Object, java.lang.Object, java.lang.Object, java.lang.Object, java.lang.O
Event: 4756.260 Thread 0x00000234918d3800 Exception <a 'java/lang/NoSuchMethodError'{0x000000008b6d91b0}: 'java.lang.Object java.lang.invoke.DelegatingMethodHandle$Holder.reinvoke_L(java.lang.Object, java.lang.Object, java.lang.Object, java.lang.Object, java.lang.Object, java.lang.Object, java.lang.Object, java.lang.Object, java.lang.Object, java.lang.Object, java.lang.Object, java.lang.Object, java.lang.Object, java.lang.Object, java.lang.Object, java.lang.Object, java.lang.Object, java.lang.Object, java.lang.Object, java.lang.Object)'> (0x000000
Event: 4756.884 Thread 0x00000234918dc800 Exception <a 'java/lang/NoSuchMethodError'{0x000000008a89a6e8}: <clinit>> (0x000000008a89a6e8) thrown at [./src/hotspot/share/prims/jni.cpp, line 1362]
Event: 4756.953 Thread 0x00000234918dc800 Exception <a 'java/lang/NoSuchMethodError'{0x000000008a73a7b0}: <clinit>> (0x000000008a73a7b0) thrown at [./src/hotspot/share/prims/jni.cpp, line 1362]
Event: 4756.953 Thread 0x00000234918dc800 Exception <a 'java/lang/NoSuchMethodError'{0x000000008a73b8d8}: <clinit>> (0x000000008a73b8d8) thrown at [./src/hotspot/share/prims/jni.cpp, line 1362]
Event: 4756.953 Thread 0x00000234918dc800 Exception <a 'java/lang/NoSuchMethodError'{0x000000008a73cbe0}: <clinit>> (0x000000008a73cbe0) thrown at [./src/hotspot/share/prims/jni.cpp, line 1362]
Event: 4756.970 Thread 0x00000234918dc800 Exception <a 'java/lang/NoSuchMethodError'{0x000000008a755538}: <clinit>> (0x000000008a755538) thrown at [./src/hotspot/share/prims/jni.cpp, line 1362]
Event: 4756.988 Thread 0x00000234918dc800 Exception <a 'java/lang/NoSuchMethodError'{0x000000008a7a8bd0}: <clinit>> (0x000000008a7a8bd0) thrown at [./src/hotspot/share/prims/jni.cpp, line 1362]
Event: 4757.158 Thread 0x00000234918d3800 Exception <a 'sun/nio/fs/WindowsException'{0x000000008a547090}> (0x000000008a547090) thrown at [./src/hotspot/share/prims/jni.cpp, line 615]

Events (20 events):
Event: 4756.724 Executing VM operation: RevokeBias done
Event: 4756.724 Thread 0x000002349b42a800 Thread added: 0x000002349b42a800
Event: 4756.725 Thread 0x000002349b42b800 Thread added: 0x000002349b42b800
Event: 4756.725 Thread 0x000002349b42c800 Thread added: 0x000002349b42c800
Event: 4756.726 Thread 0x000002349b426800 Thread added: 0x000002349b426800
Event: 4756.841 loading class groovy/runtime/metaclass/build_6ti43qen3whkz2si7aqi5bvphMetaClass
Event: 4756.841 loading class groovy/runtime/metaclass/build_6ti43qen3whkz2si7aqi5bvphMetaClass done
Event: 4756.849 loading class groovy/runtime/metaclass/build_6ti43qen3whkz2si7aqi5bvph$_run_closure1MetaClass
Event: 4756.849 loading class groovy/runtime/metaclass/build_6ti43qen3whkz2si7aqi5bvph$_run_closure1MetaClass done
Event: 4756.893 loading class groovy/runtime/metaclass/build_3aaqb0e3ziiqxqsfi683i3mnxMetaClass
Event: 4756.893 loading class groovy/runtime/metaclass/build_3aaqb0e3ziiqxqsfi683i3mnxMetaClass done
Event: 4756.906 loading class groovy/runtime/metaclass/build_3aaqb0e3ziiqxqsfi683i3mnx$_run_closure1MetaClass
Event: 4756.906 loading class groovy/runtime/metaclass/build_3aaqb0e3ziiqxqsfi683i3mnx$_run_closure1MetaClass done
Event: 4756.945 Thread 0x000002349b657000 Thread added: 0x000002349b657000
Event: 4756.951 loading class groovy/runtime/metaclass/org/gradle/plugin/use/internal/PluginRequestCollector$PluginDependenciesSpecImplMetaClass
Event: 4756.951 loading class groovy/runtime/metaclass/org/gradle/plugin/use/internal/PluginRequestCollector$PluginDependenciesSpecImplMetaClass done
Event: 4756.965 Executing VM operation: BulkRevokeBias
Event: 4756.970 Executing VM operation: BulkRevokeBias done
Event: 4756.973 loading class groovy/runtime/metaclass/org/gradle/api/internal/plugins/DefaultObjectConfigurationActionMetaClass
Event: 4756.973 loading class groovy/runtime/metaclass/org/gradle/api/internal/plugins/DefaultObjectConfigurationActionMetaClass done


Dynamic libraries:
0x00007ff7c27e0000 - 0x00007ff7c27ea000 	C:\Program Files\Android\Android Studio\jre\bin\java.exe
0x00007ffe8ced0000 - 0x00007ffe8d0c5000 	C:\Windows\SYSTEM32\ntdll.dll
0x00007ffe8af10000 - 0x00007ffe8afce000 	C:\Windows\System32\KERNEL32.DLL
0x00007ffe8ab20000 - 0x00007ffe8ade8000 	C:\Windows\System32\KERNELBASE.dll
0x00007ffe8a680000 - 0x00007ffe8a780000 	C:\Windows\System32\ucrtbase.dll
0x00007ffe54e10000 - 0x00007ffe54e27000 	C:\Program Files\Android\Android Studio\jre\bin\VCRUNTIME140.dll
0x00007ffe5ca30000 - 0x00007ffe5ca49000 	C:\Program Files\Android\Android Studio\jre\bin\jli.dll
0x00007ffe8c010000 - 0x00007ffe8c1b1000 	C:\Windows\System32\USER32.dll
0x00007ffe8aee0000 - 0x00007ffe8af02000 	C:\Windows\System32\win32u.dll
0x00007ffe66df0000 - 0x00007ffe6708a000 	C:\Windows\WinSxS\amd64_microsoft.windows.common-controls_6595b64144ccf1df_6.0.19041.1110_none_60b5254171f9507e\COMCTL32.dll
0x00007ffe8c720000 - 0x00007ffe8c7be000 	C:\Windows\System32\msvcrt.dll
0x00007ffe8c850000 - 0x00007ffe8c87b000 	C:\Windows\System32\GDI32.dll
0x00007ffe8aa10000 - 0x00007ffe8ab1d000 	C:\Windows\System32\gdi32full.dll
0x00007ffe8a5e0000 - 0x00007ffe8a67d000 	C:\Windows\System32\msvcp_win.dll
0x00007ffe8bb00000 - 0x00007ffe8bb30000 	C:\Windows\System32\IMM32.DLL
0x00007ffe46130000 - 0x00007ffe461cd000 	C:\Program Files\Android\Android Studio\jre\bin\msvcp140.dll
0x00007ffdfb330000 - 0x00007ffdfbdff000 	C:\Program Files\Android\Android Studio\jre\bin\server\jvm.dll
0x00007ffe8c880000 - 0x00007ffe8c92c000 	C:\Windows\System32\ADVAPI32.dll
0x00007ffe8c1c0000 - 0x00007ffe8c25b000 	C:\Windows\System32\sechost.dll
0x00007ffe8b9d0000 - 0x00007ffe8bafa000 	C:\Windows\System32\RPCRT4.dll
0x00007ffe8b270000 - 0x00007ffe8b278000 	C:\Windows\System32\PSAPI.DLL
0x00007ffe67260000 - 0x00007ffe67287000 	C:\Windows\SYSTEM32\WINMM.dll
0x00007ffe7c9f0000 - 0x00007ffe7c9fa000 	C:\Windows\SYSTEM32\VERSION.dll
0x00007ffe6e300000 - 0x00007ffe6e309000 	C:\Windows\SYSTEM32\WSOCK32.dll
0x00007ffe8c6b0000 - 0x00007ffe8c71b000 	C:\Windows\System32\WS2_32.dll
0x00007ffe88e20000 - 0x00007ffe88e32000 	C:\Windows\SYSTEM32\kernel.appcore.dll
0x00007ffe80780000 - 0x00007ffe80791000 	C:\Program Files\Android\Android Studio\jre\bin\verify.dll
0x00007ffe88200000 - 0x00007ffe883e4000 	C:\Windows\SYSTEM32\DBGHELP.DLL
0x00007ffe7c8b0000 - 0x00007ffe7c8dc000 	C:\Windows\SYSTEM32\dbgcore.DLL
0x00007ffe8adf0000 - 0x00007ffe8ae73000 	C:\Windows\System32\bcryptPrimitives.dll
0x00007ffe7de80000 - 0x00007ffe7dea9000 	C:\Program Files\Android\Android Studio\jre\bin\java.dll
0x00007ffe80d30000 - 0x00007ffe80d3b000 	C:\Program Files\Android\Android Studio\jre\bin\jimage.dll
0x00007ffe80760000 - 0x00007ffe80778000 	C:\Program Files\Android\Android Studio\jre\bin\zip.dll
0x00007ffe8b280000 - 0x00007ffe8b9c4000 	C:\Windows\System32\SHELL32.dll
0x00007ffe88670000 - 0x00007ffe88e04000 	C:\Windows\SYSTEM32\windows.storage.dll
0x00007ffe8cb10000 - 0x00007ffe8ce65000 	C:\Windows\System32\combase.dll
0x00007ffe8a030000 - 0x00007ffe8a05e000 	C:\Windows\SYSTEM32\Wldp.dll
0x00007ffe8c3a0000 - 0x00007ffe8c44d000 	C:\Windows\System32\SHCORE.dll
0x00007ffe8c9e0000 - 0x00007ffe8ca35000 	C:\Windows\System32\shlwapi.dll
0x00007ffe8a520000 - 0x00007ffe8a53f000 	C:\Windows\SYSTEM32\profapi.dll
0x00007ffe7de00000 - 0x00007ffe7de1a000 	C:\Program Files\Android\Android Studio\jre\bin\net.dll
0x00007ffe81ff0000 - 0x00007ffe820fc000 	C:\Windows\SYSTEM32\WINHTTP.dll
0x00007ffe89d90000 - 0x00007ffe89dfa000 	C:\Windows\system32\mswsock.dll
0x00007ffe7dde0000 - 0x00007ffe7ddf4000 	C:\Program Files\Android\Android Studio\jre\bin\nio.dll
0x00007ffe5c960000 - 0x00007ffe5c987000 	C:\Users\alexv\.gradle\native\8bec1ad78214c89d9ad589b4d07fe93259594b29d510b10fafb7a158f7737e5d\windows-amd64\native-platform.dll
0x00007ffe39730000 - 0x00007ffe3986d000 	C:\Users\alexv\.gradle\native\53dbd7edfb1c66fb8903c78663c9afc45aea4f116125fa6feffd364cf09443e8\windows-amd64\native-platform-file-events.dll
0x00007ffe809b0000 - 0x00007ffe809ba000 	C:\Program Files\Android\Android Studio\jre\bin\management.dll
0x00007ffe80690000 - 0x00007ffe8069c000 	C:\Program Files\Android\Android Studio\jre\bin\management_ext.dll
0x00007ffe89f80000 - 0x00007ffe89f98000 	C:\Windows\SYSTEM32\CRYPTSP.dll
0x00007ffe89670000 - 0x00007ffe896a4000 	C:\Windows\system32\rsaenh.dll
0x00007ffe8a7d0000 - 0x00007ffe8a7f7000 	C:\Windows\System32\bcrypt.dll
0x00007ffe8a4a0000 - 0x00007ffe8a4ce000 	C:\Windows\SYSTEM32\USERENV.dll
0x00007ffe89fa0000 - 0x00007ffe89fac000 	C:\Windows\SYSTEM32\CRYPTBASE.dll
0x00007ffe89a30000 - 0x00007ffe89a6b000 	C:\Windows\SYSTEM32\IPHLPAPI.DLL
0x00007ffe8b0b0000 - 0x00007ffe8b0b8000 	C:\Windows\System32\NSI.dll
0x00007ffe7e120000 - 0x00007ffe7e137000 	C:\Windows\SYSTEM32\dhcpcsvc6.DLL
0x00007ffe7ecb0000 - 0x00007ffe7eccd000 	C:\Windows\SYSTEM32\dhcpcsvc.DLL
0x00007ffe89a80000 - 0x00007ffe89b4b000 	C:\Windows\SYSTEM32\DNSAPI.dll
0x00007ffe7c900000 - 0x00007ffe7c927000 	C:\Program Files\Android\Android Studio\jre\bin\sunec.dll

dbghelp: loaded successfully - version: 4.0.5 - missing functions: none
symbol engine: initialized successfully - sym options: 0x614 - pdb path: .;C:\Program Files\Android\Android Studio\jre\bin;C:\Windows\SYSTEM32;C:\Windows\WinSxS\amd64_microsoft.windows.common-controls_6595b64144ccf1df_6.0.19041.1110_none_60b5254171f9507e;C:\Program Files\Android\Android Studio\jre\bin\server;C:\Users\alexv\.gradle\native\8bec1ad78214c89d9ad589b4d07fe93259594b29d510b10fafb7a158f7737e5d\windows-amd64;C:\Users\alexv\.gradle\native\53dbd7edfb1c66fb8903c78663c9afc45aea4f116125fa6feffd364cf09443e8\windows-amd64

VM Arguments:
jvm_args: --add-opens=java.base/java.util=ALL-UNNAMED --add-opens=java.base/java.lang=ALL-UNNAMED --add-opens=java.base/java.lang.invoke=ALL-UNNAMED --add-opens=java.base/java.util=ALL-UNNAMED --add-opens=java.prefs/java.util.prefs=ALL-UNNAMED --add-opens=java.prefs/java.util.prefs=ALL-UNNAMED --add-opens=java.base/java.nio.charset=ALL-UNNAMED --add-opens=java.base/java.net=ALL-UNNAMED --add-opens=java.base/java.util.concurrent.atomic=ALL-UNNAMED -Xmx2048m -Dfile.encoding=UTF-8 -Duser.country=US -Duser.language=en -Duser.variant 
java_command: org.gradle.launcher.daemon.bootstrap.GradleDaemon 7.0.2
java_class_path (initial): C:\Users\alexv\.gradle\wrapper\dists\gradle-7.0.2-bin\857tjihv64xamwrf0h14cai3r\gradle-7.0.2\lib\gradle-launcher-7.0.2.jar
Launcher Type: SUN_STANDARD

[Global flags]
     intx CICompilerCount                          = 4                                         {product} {ergonomic}
     uint ConcGCThreads                            = 2                                         {product} {ergonomic}
     uint G1ConcRefinementThreads                  = 8                                         {product} {ergonomic}
   size_t G1HeapRegionSize                         = 1048576                                   {product} {ergonomic}
    uintx GCDrainStackTargetSize                   = 64                                        {product} {ergonomic}
   size_t InitialHeapSize                          = 132120576                                 {product} {ergonomic}
   size_t MarkStackSize                            = 4194304                                   {product} {ergonomic}
   size_t MaxHeapSize                              = 2147483648                                {product} {command line}
   size_t MaxNewSize                               = 1287651328                                {product} {ergonomic}
   size_t MinHeapDeltaBytes                        = 1048576                                   {product} {ergonomic}
    uintx NonNMethodCodeHeapSize                   = 5836300                                {pd product} {ergonomic}
    uintx NonProfiledCodeHeapSize                  = 122910970                              {pd product} {ergonomic}
    uintx ProfiledCodeHeapSize                     = 122910970                              {pd product} {ergonomic}
    uintx ReservedCodeCacheSize                    = 251658240                              {pd product} {ergonomic}
     bool SegmentedCodeCache                       = true                                      {product} {ergonomic}
     bool UseCompressedClassPointers               = true                                 {lp64_product} {ergonomic}
     bool UseCompressedOops                        = true                                 {lp64_product} {ergonomic}
     bool UseG1GC                                  = true                                      {product} {ergonomic}
     bool UseLargePagesIndividualAllocation        = false                                  {pd product} {ergonomic}

Logging:
Log output configuration:
 #0: stdout all=warning uptime,level,tags
 #1: stderr all=off uptime,level,tags

Environment Variables:
PATH=C:\Windows\system32;C:\Windows;C:\Windows\System32\Wbem;C:\Windows\System32\WindowsPowerShell\v1.0\;C:\Windows\System32\OpenSSH\;C:\Program Files (x86)\NVIDIA Corporation\PhysX\Common;C:\Program Files\NVIDIA Corporation\NVIDIA NvDLISR;C:\Program Files\Microsoft SQL Server\130\Tools\Binn\;C:\Program Files\Microsoft SQL Server\Client SDK\ODBC\170\Tools\Binn\;C:\Program Files\nodejs\;C:\Program Files\Git\cmd;C:\Program Files (x86)\Microsoft SQL Server\150\Tools\Binn\;C:\Program Files\Microsoft SQL Server\150\Tools\Binn\;C:\Program Files\Microsoft SQL Server\150\DTS\Binn\;C:\Program Files (x86)\Microsoft SQL Server\150\DTS\Binn\;C:\Program Files\Azure Data Studio\bin;C:\Program Files\dotnet\;C:\Program Files (x86)\dotnet\;C:\Users\alexv\AppData\Local\Microsoft\WindowsApps;C:\Users\alexv\AppData\Local\Programs\Microsoft VS Code\bin;C:\Users\alexv\AppData\Roaming\npm;C:\Users\alexv\AppData\Local\GitHubDesktop\bin;C:\Program Files\mingw-w64\x86_64-8.1.0-posix-seh-rt_v6-rev0\mingw64\bin;C:\Program Files\Azure Data Studio\bin;C:\Users\alexv\.dotnet\tools;C:\Program Files (x86)\Firebird\Firebird_2_5\bin;C:\Program Files\PostgreSQL\13\bin;C:\Program Files\PostgreSQL\13\lib;
USERNAME=alexv
OS=Windows_NT
PROCESSOR_IDENTIFIER=Intel64 Family 6 Model 165 Stepping 2, GenuineIntel



---------------  S Y S T E M  ---------------

OS: Windows 10 , 64 bit Build 19041 (10.0.19041.1348)
OS uptime: 1 days 3:56 hours
Hyper-V role detected

CPU:total 8 (initial active 8) (4 cores per cpu, 2 threads per core) family 6 model 165 stepping 2 microcode 0xea, cmov, cx8, fxsr, mmx, sse, sse2, sse3, ssse3, sse4.1, sse4.2, popcnt, avx, avx2, aes, clmul, erms, 3dnowpref, lzcnt, ht, tsc, tscinvbit, bmi1, bmi2, adx, fma

Memory: 4k page, system-wide physical 7985M (546M free)
TotalPageFile size 29556M (AvailPageFile size 11720M)
current process WorkingSet (physical memory assigned to process): 204M, peak: 507M
current process commit charge ("private bytes"): 615M, peak: 627M

vm_info: OpenJDK 64-Bit Server VM (11.0.10+0-b96-7249189) for windows-amd64 JRE (11.0.10+0-b96-7249189), built on Mar 31 2021 21:44:00 by "builder" with MS VC++ 14.0 (VS2015)

END.
